1570128412570	mozrunner::runner	INFO	Running command: "C:\\Program Files\\Firefox Developer Edition\\firefox.exe" "-marionette" "-foreground" "-no-remote" "-profile" "C:\\Users\\D4F0~1\\AppData\\Local\\Temp\\rust_mozprofile.fkLwjaaZbuzh"
1570128415316	addons.webextension.screenshots@mozilla.org	WARN	Loading extension 'screenshots@mozilla.org': Reading manifest: Invalid extension permission: mozillaAddons
1570128415316	addons.webextension.screenshots@mozilla.org	WARN	Loading extension 'screenshots@mozilla.org': Reading manifest: Invalid extension permission: telemetry
1570128415316	addons.webextension.screenshots@mozilla.org	WARN	Loading extension 'screenshots@mozilla.org': Reading manifest: Invalid extension permission: resource://pdf.js/
1570128415317	addons.webextension.screenshots@mozilla.org	WARN	Loading extension 'screenshots@mozilla.org': Reading manifest: Invalid extension permission: about:reader*
JavaScript error: resource://gre/modules/XULStore.jsm, line 66: Error: Can't find profile directory.
WARN: compileToBinary(259): 
C:\fakepath(337,18-133): warning X3571: pow(f, e) will not work for negative f, use abs(f) or conditionally handle negative values if you expect them
C:\fakepath(343,62-116): warning X3571: pow(f, e) will not work for negative f, use abs(f) or conditionally handle negative values if you expect them
C:\fakepath(360,75-84): warning X3556: integer divides may be much slower, try using uints if possible.
C:\fakepath(363,50-59): warning X3556: integer modulus may be much slower, try using uints if possible.
C:\fakepath(383,33-90): warning X3571: pow(f, e) will not work for negative f, use abs(f) or conditionally handle negative values if you expect them
C:\fakepath(174,1-6): warning X4000: use of potentially uninitialized variable (dyn_index_vec4_float4)
C:\fakepath(289,25-29): error X4576: Input array signature parameter  cannot be indexed dynamically.

WARN: compileToBinary(259): 
C:\fakepath(337,18-133): warning X3571: pow(f, e) will not work for negative f, use abs(f) or conditionally handle negative values if you expect them
C:\fakepath(343,62-116): warning X3571: pow(f, e) will not work for negative f, use abs(f) or conditionally handle negative values if you expect them
C:\fakepath(360,75-84): warning X3556: integer divides may be much slower, try using uints if possible.
C:\fakepath(363,50-59): warning X3556: integer modulus may be much slower, try using uints if possible.
C:\fakepath(383,33-90): warning X3571: pow(f, e) will not work for negative f, use abs(f) or conditionally handle negative values if you expect them
C:\fakepath(174,1-6): warning X4000: use of potentially uninitialized variable (dyn_index_vec4_float4)
C:\fakepath(289,25-29): error X4576: Input array signature parameter  cannot be indexed dynamically.

WARN: compileToBinary(259): 
C:\fakepath(360,75-84): warning X3556: integer divides may be much slower, try using uints if possible.
C:\fakepath(363,50-59): warning X3556: integer modulus may be much slower, try using uints if possible.
C:\fakepath(174,1-6): warning X4000: use of potentially uninitialized variable (dyn_index_vec4_float4)
C:\fakepath(225,1): warning X4000: use of potentially uninitialized variable (f_distance_aa)
C:\fakepath(262,1): warning X4000: use of potentially uninitialized variable (f_do_clip)

[Parent 9468, Gecko_IOThread] WARNING: pipe error: 109: file z:/task_1567426356/build/src/ipc/chromium/src/chrome/common/ipc_channel_win.cc, line 341
[Child 11160, Chrome_ChildThread] WARNING: pipe error: 109: file z:/task_1567426356/build/src/ipc/chromium/src/chrome/common/ipc_channel_win.cc, line 341
[Child 11160, Chrome_ChildThread1570128422629	Marionette	INFO	Listening on port 57151
1570128423231	Marionette	WARN	TLS certificate errors will be ignored for this session
1570128432805	Marionette	INFO	Stopped listening on port 57151
[Child 12372, Chrome_ChildThread] WARNING: pipe error: 109: file z:/task_1567426356/build/src/ipc/chromium/src/chrome/common/ipc_channel_win.cc, line 341
[Child 12372, Chrome_ChildThread] WARNING: p[Child 13428, Chrome_ChildThread] WARNING: pipe error: 109: file z:/task_1567426356/build/src/ipc/chromium/src/chrome/common/ipc_channel_win.cc, line 341
[Child 13428, Chrome_ChildT[Parent 9468, Gecko_IOThread] WARNING: pipe error: 109: file z:/task_1567426356/build/src/ipc/chromium/src/chrome/common/ipc_channel_win.cc, line 341
[Child 1348, Chrome_ChildThread] WARNING: pipe error: 109: file z:/task_1567426356/build/src/ipc/chromium/src/chrome/common/ipc_channel_win.cc, line 341
[Child 1348, Ch
###!!! [Child][RunMessage] Error: Channel closing: too late to send/recv, messages will be lost

[GPU 1104
###!!! [Child][MessageChannel::SendAndWait] Error: Channel error: cannot send/recv

1570129723449	mozrunner::runner	INFO	Running command: "C:\\Program Files\\Firefox Developer Edition\\firefox.exe" "-marionette" "-foreground" "-no-remote" "-profile" "C:\\Users\\D4F0~1\\AppData\\Local\\Temp\\rust_mozprofile.UntLRLU0MPn9"
1570129724251	addons.webextension.screenshots@mozilla.org	WARN	Loading extension 'screenshots@mozilla.org': Reading manifest: Invalid extension permission: mozillaAddons
1570129724251	addons.webextension.screenshots@mozilla.org	WARN	Loading extension 'screenshots@mozilla.org': Reading manifest: Invalid extension permission: telemetry
1570129724251	addons.webextension.screenshots@mozilla.org	WARN	Loading extension 'screenshots@mozilla.org': Reading manifest: Invalid extension permission: resource://pdf.js/
1570129724251	addons.webextension.screenshots@mozilla.org	WARN	Loading extension 'screenshots@mozilla.org': Reading manifest: Invalid extension permission: about:reader*
JavaScript error: resource://gre/modules/XULStore.jsm, line 66: Error: Can't find profile directory.
WARN: compileToBinary(259): 
C:\fakepath(337,18-133): warning X3571: pow(f, e) will not work for negative f, use abs(f) or conditionally handle negative values if you expect them
C:\fakepath(343,62-116): warning X3571: pow(f, e) will not work for negative f, use abs(f) or conditionally handle negative values if you expect them
C:\fakepath(360,75-84): warning X3556: integer divides may be much slower, try using uints if possible.
C:\fakepath(363,50-59): warning X3556: integer modulus may be much slower, try using uints if possible.
C:\fakepath(383,33-90): warning X3571: pow(f, e) will not work for negative f, use abs(f) or conditionally handle negative values if you expect them
C:\fakepath(174,1-6): warning X4000: use of potentially uninitialized variable (dyn_index_vec4_float4)
C:\fakepath(289,25-29): error X4576: Input array signature parameter  cannot be indexed dynamically.

WARN: compileToBinary(259): 
C:\fakepath(337,18-133): warning X3571: pow(f, e) will not work for negative f, use abs(f) or conditionally handle negative values if you expect them
C:\fakepath(343,62-116): warning X3571: pow(f, e) will not work for negative f, use abs(f) or conditionally handle negative values if you expect them
C:\fakepath(360,75-84): warning X3556: integer divides may be much slower, try using uints if possible.
C:\fakepath(363,50-59): warning X3556: integer modulus may be much slower, try using uints if possible.
C:\fakepath(383,33-90): warning X3571: pow(f, e) will not work for negative f, use abs(f) or conditionally handle negative values if you expect them
C:\fakepath(174,1-6): warning X4000: use of potentially uninitialized variable (dyn_index_vec4_float4)
C:\fakepath(289,25-29): error X4576: Input array signature parameter  cannot be indexed dynamically.

WARN: compileToBinary(259): 
C:\fakepath(360,75-84): warning X3556: integer divides may be much slower, try using uints if possible.
C:\fakepath(363,50-59): warning X3556: integer modulus may be much slower, try using uints if possible.
C:\fakepath(174,1-6): warning X4000: use of potentially uninitialized variable (dyn_index_vec4_float4)
C:\fakepath(225,1): warning X4000: use of potentially uninitialized variable (f_distance_aa)
C:\fakepath(262,1): warning X4000: use of potentially uninitialized variable (f_do_clip)

[1570129728445	Marionette	INFO	Listening on port 58139
1570129728693	Marionette	WARN	TLS certificate errors will be ignored for this session
1570129739765	Marionette	INFO	Stopped listening on port 58139
[Child 3992, Chrome_ChildThread] WARNING: pipe error: 109: file z:/task_1567426356/build/src/ipc/chromium/src/chrome/common/ipc_channel_win.cc, line 341
[Child 13428, Chrome_ChildThread] WARNING: pipe error: 109: file z:/task_1567426356/build/src/ipc/chromium/src/chrome/common/ipc_channel_win.cc, line 341
[Child 13428, Chrome_ChildThread] WARNING: pipe error: 109: file z:/task_1567426356/build/src/ipc/chromium/src/chrome/common/ipc_channel_win.cc, line 341
[Parent 6576, Gecko_IOThread] WARNING: pipe error: 109: file z:/task_1567426356/build/src/ipc/chromium/src/chrome/common/ipc_channel_win.cc, line 341
[Child 10072, Chrome_ChildThread] WARNING: pipe error: 109: file z:/task_1567426356/build/src/ipc/chromium/src/chrome/common/ipc_channel_win.cc, line 341
[Child 10072, Chro[GPU 3776, Chrome_Ch
###!!! [Child][RunMessage] Error: Channel closing: too late to send/recv, messages will be lost


###!!! [Child][MessageChannel::SendAndWait] Error: Channel error: cannot send/recv

1570129795187	mozrunner::runner	INFO	Running command: "C:\\Program Files\\Firefox Developer Edition\\firefox.exe" "-marionette" "-foreground" "-no-remote" "-profile" "C:\\Users\\D4F0~1\\AppData\\Local\\Temp\\rust_mozprofile.31FSvWslHtNN"
1570129795869	addons.webextension.screenshots@mozilla.org	WARN	Loading extension 'screenshots@mozilla.org': Reading manifest: Invalid extension permission: mozillaAddons
1570129795870	addons.webextension.screenshots@mozilla.org	WARN	Loading extension 'screenshots@mozilla.org': Reading manifest: Invalid extension permission: telemetry
1570129795870	addons.webextension.screenshots@mozilla.org	WARN	Loading extension 'screenshots@mozilla.org': Reading manifest: Invalid extension permission: resource://pdf.js/
1570129795870	addons.webextension.screenshots@mozilla.org	WARN	Loading extension 'screenshots@mozilla.org': Reading manifest: Invalid extension permission: about:reader*
JavaScript error: resource://gre/modules/XULStore.jsm, line 66: Error: Can't find profile directory.
WARN: compileToBinary(259): 
C:\fakepath(337,18-133): warning X3571: pow(f, e) will not work for negative f, use abs(f) or conditionally handle negative values if you expect them
C:\fakepath(343,62-116): warning X3571: pow(f, e) will not work for negative f, use abs(f) or conditionally handle negative values if you expect them
C:\fakepath(360,75-84): warning X3556: integer divides may be much slower, try using uints if possible.
C:\fakepath(363,50-59): warning X3556: integer modulus may be much slower, try using uints if possible.
C:\fakepath(383,33-90): warning X3571: pow(f, e) will not work for negative f, use abs(f) or conditionally handle negative values if you expect them
C:\fakepath(174,1-6): warning X4000: use of potentially uninitialized variable (dyn_index_vec4_float4)
C:\fakepath(289,25-29): error X4576: Input array signature parameter  cannot be indexed dynamically.

WARN: compileToBinary(259): 
C:\fakepath(337,18-133): warning X3571: pow(f, e) will not work for negative f, use abs(f) or conditionally handle negative values if you expect them
C:\fakepath(343,62-116): warning X3571: pow(f, e) will not work for negative f, use abs(f) or conditionally handle negative values if you expect them
C:\fakepath(360,75-84): warning X3556: integer divides may be much slower, try using uints if possible.
C:\fakepath(363,50-59): warning X3556: integer modulus may be much slower, try using uints if possible.
C:\fakepath(383,33-90): warning X3571: pow(f, e) will not work for negative f, use abs(f) or conditionally handle negative values if you expect them
C:\fakepath(174,1-6): warning X4000: use of potentially uninitialized variable (dyn_index_vec4_float4)
C:\fakepath(289,25-29): error X4576: Input array signature parameter  cannot be indexed dynamically.

WARN: compileToBinary(259): 
C:\fakepath(360,75-84): warning X3556: integer divides may be much slower, try using uints if possible.
C:\fakepath(363,50-59): warning X3556: integer modulus may be much slower, try using uints if possible.
C:\fakepath(174,1-6): warning X4000: use of potentially uninitialized variable (dyn_index_vec4_float4)
C:\fakepath(225,1): warning X4000: use of potentially uninitialized variable (f_distance_aa)
C:\fakepath(262,1): warning X4000: use of potentially uninitialized variable (f_do_clip)

[Child 1112, Chrome_ChildThread] WARNING: pipe error: 109: file z:/task_1567426356/build/src/ipc/chromium/src/chrome/common/ipc_channel_win.cc, line 341
[Child 1112, Chrome_ChildThread] WARNING: pipe error: 11570129799599	Marionette	INFO	Listening on port 58239
1570129799952	Marionette	WARN	TLS certificate errors will be ignored for this session
1570129804350	Marionette	INFO	Stopped listening on port 58239
[Child 12012, Chrome_ChildThread] WARNING: pipe error: 109: file z:/task_1567426356/build/src/ipc/chromium/src/chrome/common/ipc_channel_win.cc, line 341
[Child 9160, Chrome_ChildThread] WARNING: pipe error: 109: file z:/task_1567426356/build/src/ipc/chromium/src/chrome/common/ipc_channel_win.cc, line 341
[Child 9160, Chrome_ChildThreaJavaScript error: resource://gre/modules/UrlClassifierListManager.jsm, line 680: TypeError: this.tablesData[table] is undefined
[Parent 13232, Gecko_IOThread] WARNING: pipe error: 109: file z:/task_1567426356/build/src/ipc/chromium/src/chrome/common/ipc_channel_win.cc, line 341
[Child 7776, Chrome_ChildThread] WARNING: pipe error: 109: file z:/task_1567426356/build/src/ipc/chromium/src/chrome/common/ipc_channel_win.cc, line 341
[Child 7776, [GPU 5852, Chrome_Chil
###!!! [Child][MessageChannel::SendAndWait] Error: Channel error: cannot send/recv

1570129858190	mozrunner::runner	INFO	Running command: "C:\\Program Files\\Firefox Developer Edition\\firefox.exe" "-marionette" "-foreground" "-no-remote" "-profile" "C:\\Users\\D4F0~1\\AppData\\Local\\Temp\\rust_mozprofile.5Fs9w7dNMo5S"
1570129858835	addons.webextension.screenshots@mozilla.org	WARN	Loading extension 'screenshots@mozilla.org': Reading manifest: Invalid extension permission: mozillaAddons
1570129858835	addons.webextension.screenshots@mozilla.org	WARN	Loading extension 'screenshots@mozilla.org': Reading manifest: Invalid extension permission: telemetry
1570129858836	addons.webextension.screenshots@mozilla.org	WARN	Loading extension 'screenshots@mozilla.org': Reading manifest: Invalid extension permission: resource://pdf.js/
1570129858836	addons.webextension.screenshots@mozilla.org	WARN	Loading extension 'screenshots@mozilla.org': Reading manifest: Invalid extension permission: about:reader*
JavaScript error: resource://gre/modules/XULStore.jsm, line 66: Error: Can't find profile directory.
WARN: compileToBinary(259): 
C:\fakepath(337,18-133): warning X3571: pow(f, e) will not work for negative f, use abs(f) or conditionally handle negative values if you expect them
C:\fakepath(343,62-116): warning X3571: pow(f, e) will not work for negative f, use abs(f) or conditionally handle negative values if you expect them
C:\fakepath(360,75-84): warning X3556: integer divides may be much slower, try using uints if possible.
C:\fakepath(363,50-59): warning X3556: integer modulus may be much slower, try using uints if possible.
C:\fakepath(383,33-90): warning X3571: pow(f, e) will not work for negative f, use abs(f) or conditionally handle negative values if you expect them
C:\fakepath(174,1-6): warning X4000: use of potentially uninitialized variable (dyn_index_vec4_float4)
C:\fakepath(289,25-29): error X4576: Input array signature parameter  cannot be indexed dynamically.

WARN: compileToBinary(259): 
C:\fakepath(337,18-133): warning X3571: pow(f, e) will not work for negative f, use abs(f) or conditionally handle negative values if you expect them
C:\fakepath(343,62-116): warning X3571: pow(f, e) will not work for negative f, use abs(f) or conditionally handle negative values if you expect them
C:\fakepath(360,75-84): warning X3556: integer divides may be much slower, try using uints if possible.
C:\fakepath(363,50-59): warning X3556: integer modulus may be much slower, try using uints if possible.
C:\fakepath(383,33-90): warning X3571: pow(f, e) will not work for negative f, use abs(f) or conditionally handle negative values if you expect them
C:\fakepath(174,1-6): warning X4000: use of potentially uninitialized variable (dyn_index_vec4_float4)
C:\fakepath(289,25-29): error X4576: Input array signature parameter  cannot be indexed dynamically.

WARN: compileToBinary(259): 
C:\fakepath(360,75-84): warning X3556: integer divides may be much slower, try using uints if possible.
C:\fakepath(363,50-59): warning X3556: integer modulus may be much slower, try using uints if possible.
C:\fakepath(174,1-6): warning X4000: use of potentially uninitialized variable (dyn_index_vec4_float4)
C:\fakepath(225,1): warning X4000: use of potentially uninitialized variable (f_distance_aa)
C:\fakepath(262,1): warning X4000: use of potentially uninitialized variable (f_do_clip)

[Child 3304, Chrome_ChildThread] WARNING: pipe error: 109: file z:/task_1567426356/build/src/ipc/chromium/src/chrome/common/ipc_channel_win.cc, line 341
[Child 3304, Chro1570129862511	Marionette	INFO	Listening on port 58337
1570129862964	Marionette	WARN	TLS certificate errors will be ignored for this session
[Parent 9168, Gecko_IOThread] WARNING: pipe error: 109: file z:/task_1567426356/build/src/ipc/chromium/src/chrome/common/ipc_channel_win.cc, line 341
1570129872954	Marionette	INFO	Stopped listening on port 58337
[Child 5776, Chrome_ChildThread] WARNING: pipe error: 109: file z:/task_1567426356/build/src/ipc/chromium/src/chrome/common/ipc_channel_win.cc, line 341
[Child 5776, Chrome_ChildThread] WARNING: p[Child 10932, Chrome_ChildThread] WARNING: pipe error: 109: file z:/task_1567426356/build/src/ipc/chromium/src/chrome/common/ipc_channel_win.cc, line 341
[Child 10932, Chrome_ChildTh[Parent 9168, Gecko_IOThread] WARNING: pipe error: 109: file z:/task_1567426356/build/src/ipc/chromium/src/chrome/common/ipc_channel_win.cc, line 341
[Child 6444, Chrome_ChildThread] WARNING: pipe error: 109: file z:/task_1567426356/build/src/ipc/chromium/src/chrome/common/ipc_channel_win.cc, line 341
[Child 6444, Chro
###!!! [Child][RunMessage] Error: Channel closing: too late to send/recv, messages will be lost

[GPU 10964, C
###!!! [Child][MessageChannel::SendAndWait] Error: Channel error: cannot send/recv

1570129927008	mozrunner::runner	INFO	Running command: "C:\\Program Files\\Firefox Developer Edition\\firefox.exe" "-marionette" "-foreground" "-no-remote" "-profile" "C:\\Users\\D4F0~1\\AppData\\Local\\Temp\\rust_mozprofile.p68aILk8XeNH"
1570129927794	addons.webextension.screenshots@mozilla.org	WARN	Loading extension 'screenshots@mozilla.org': Reading manifest: Invalid extension permission: mozillaAddons
1570129927794	addons.webextension.screenshots@mozilla.org	WARN	Loading extension 'screenshots@mozilla.org': Reading manifest: Invalid extension permission: telemetry
1570129927794	addons.webextension.screenshots@mozilla.org	WARN	Loading extension 'screenshots@mozilla.org': Reading manifest: Invalid extension permission: resource://pdf.js/
1570129927795	addons.webextension.screenshots@mozilla.org	WARN	Loading extension 'screenshots@mozilla.org': Reading manifest: Invalid extension permission: about:reader*
JavaScript error: resource://gre/modules/XULStore.jsm, line 66: Error: Can't find profile directory.
WARN: compileToBinary(259): 
C:\fakepath(337,18-133): warning X3571: pow(f, e) will not work for negative f, use abs(f) or conditionally handle negative values if you expect them
C:\fakepath(343,62-116): warning X3571: pow(f, e) will not work for negative f, use abs(f) or conditionally handle negative values if you expect them
C:\fakepath(360,75-84): warning X3556: integer divides may be much slower, try using uints if possible.
C:\fakepath(363,50-59): warning X3556: integer modulus may be much slower, try using uints if possible.
C:\fakepath(383,33-90): warning X3571: pow(f, e) will not work for negative f, use abs(f) or conditionally handle negative values if you expect them
C:\fakepath(174,1-6): warning X4000: use of potentially uninitialized variable (dyn_index_vec4_float4)
C:\fakepath(289,25-29): error X4576: Input array signature parameter  cannot be indexed dynamically.

WARN: compileToBinary(259): 
C:\fakepath(337,18-133): warning X3571: pow(f, e) will not work for negative f, use abs(f) or conditionally handle negative values if you expect them
C:\fakepath(343,62-116): warning X3571: pow(f, e) will not work for negative f, use abs(f) or conditionally handle negative values if you expect them
C:\fakepath(360,75-84): warning X3556: integer divides may be much slower, try using uints if possible.
C:\fakepath(363,50-59): warning X3556: integer modulus may be much slower, try using uints if possible.
C:\fakepath(383,33-90): warning X3571: pow(f, e) will not work for negative f, use abs(f) or conditionally handle negative values if you expect them
C:\fakepath(174,1-6): warning X4000: use of potentially uninitialized variable (dyn_index_vec4_float4)
C:\fakepath(289,25-29): error X4576: Input array signature parameter  cannot be indexed dynamically.

WARN: compileToBinary(259): 
C:\fakepath(360,75-84): warning X3556: integer divides may be much slower, try using uints if possible.
C:\fakepath(363,50-59): warning X3556: integer modulus may be much slower, try using uints if possible.
C:\fakepath(174,1-6): warning X4000: use of potentially uninitialized variable (dyn_index_vec4_float4)
C:\fakepath(225,1): warning X4000: use of potentially uninitialized variable (f_distance_aa)
C:\fakepath(262,1): warning X4000: use of potentially uninitialized variable (f_do_clip)

[Child 6984, Chrome_ChildThread] WARNING: pipe error: 109: file z:/task_1567426356/build/src/ipc/chromium/src/chrome/common/ipc_channel_win.cc, line 341
[Child 6984, Chrome_ChildThread] WARNING: pipe error: 1091570129932133	Marionette	INFO	Listening on port 58434
1570129932263	Marionette	WARN	TLS certificate errors will be ignored for this session
1570129944255	Marionette	INFO	Stopped listening on port 58434
[Parent 6448, Gecko_IOThread] WARNING: pipe error: 109: file z:/task_1567426356/build/src/ipc/chromium/src/chrome/common/ipc_channel_win.cc, line 341
[Child 3800, Chrome_ChildThread] WARNING: pipe error: 109: file z:/task_1567426356/build/src/ipc/chromium/src/chrome/common/ipc_channel_win.cc, line 341
[Child 3800, Chrome_ChildThread] WARNING: pipe error: 109: file z:/task_1567426356/build/src/ipc/chromium/src/chrome/common/ipc_channel_win.cc, line 341
[Parent 6448, Gecko_IOThread] WARNING: pipe error: 109: file z:/task_1567426356/build/src/ipc/chromium/src/chrome/common/ipc_channel_win.cc, line 341
[Child 8656, Chrome_ChildThread] WARNING: pipe error: 109: file z:/task_1567426356/build/src/ipc/chromium/src/chrome/common/ipc_channel_win.cc, line 341
[Child 8656, Chrome_ChildT[GP
###!!! [Child][RunMessage] Error: Channel closing: too late to send/recv, messages will be lost

U 4508
###!!! [Child][MessageChannel::SendAndWait] Error: Channel error: cannot send/recv

1570130077857	mozrunner::runner	INFO	Running command: "C:\\Program Files\\Firefox Developer Edition\\firefox.exe" "-marionette" "-foreground" "-no-remote" "-profile" "C:\\Users\\D4F0~1\\AppData\\Local\\Temp\\rust_mozprofile.l6ZOvppLWkRK"
1570130078604	addons.webextension.screenshots@mozilla.org	WARN	Loading extension 'screenshots@mozilla.org': Reading manifest: Invalid extension permission: mozillaAddons
1570130078604	addons.webextension.screenshots@mozilla.org	WARN	Loading extension 'screenshots@mozilla.org': Reading manifest: Invalid extension permission: telemetry
1570130078604	addons.webextension.screenshots@mozilla.org	WARN	Loading extension 'screenshots@mozilla.org': Reading manifest: Invalid extension permission: resource://pdf.js/
1570130078604	addons.webextension.screenshots@mozilla.org	WARN	Loading extension 'screenshots@mozilla.org': Reading manifest: Invalid extension permission: about:reader*
JavaScript error: resource://gre/modules/XULStore.jsm, line 66: Error: Can't find profile directory.
WARN: compileToBinary(259): 
C:\fakepath(337,18-133): warning X3571: pow(f, e) will not work for negative f, use abs(f) or conditionally handle negative values if you expect them
C:\fakepath(343,62-116): warning X3571: pow(f, e) will not work for negative f, use abs(f) or conditionally handle negative values if you expect them
C:\fakepath(360,75-84): warning X3556: integer divides may be much slower, try using uints if possible.
C:\fakepath(363,50-59): warning X3556: integer modulus may be much slower, try using uints if possible.
C:\fakepath(383,33-90): warning X3571: pow(f, e) will not work for negative f, use abs(f) or conditionally handle negative values if you expect them
C:\fakepath(174,1-6): warning X4000: use of potentially uninitialized variable (dyn_index_vec4_float4)
C:\fakepath(289,25-29): error X4576: Input array signature parameter  cannot be indexed dynamically.

WARN: compileToBinary(259): 
C:\fakepath(337,18-133): warning X3571: pow(f, e) will not work for negative f, use abs(f) or conditionally handle negative values if you expect them
C:\fakepath(343,62-116): warning X3571: pow(f, e) will not work for negative f, use abs(f) or conditionally handle negative values if you expect them
C:\fakepath(360,75-84): warning X3556: integer divides may be much slower, try using uints if possible.
C:\fakepath(363,50-59): warning X3556: integer modulus may be much slower, try using uints if possible.
C:\fakepath(383,33-90): warning X3571: pow(f, e) will not work for negative f, use abs(f) or conditionally handle negative values if you expect them
C:\fakepath(174,1-6): warning X4000: use of potentially uninitialized variable (dyn_index_vec4_float4)
C:\fakepath(289,25-29): error X4576: Input array signature parameter  cannot be indexed dynamically.

WARN: compileToBinary(259): 
C:\fakepath(360,75-84): warning X3556: integer divides may be much slower, try using uints if possible.
C:\fakepath(363,50-59): warning X3556: integer modulus may be much slower, try using uints if possible.
C:\fakepath(174,1-6): warning X4000: use of potentially uninitialized variable (dyn_index_vec4_float4)
C:\fakepath(225,1): warning X4000: use of potentially uninitialized variable (f_distance_aa)
C:\fakepath(262,1): warning X4000: use of potentially uninitialized variable (f_do_clip)

[Parent 12476, Gecko_IOThread] WARNING: pipe error: 109: file z:/task_1567426356/build/src/ipc/chromium/src/chrome/common/ipc_channel_win.cc, line 341
[Child 13736, Chrome_ChildThread] WARNING: pipe error: 109: file z:/task_1567426356/build/src/ipc/chromium/src/chrome/common/ipc_channel_win.cc, line 341
[Child 13736, Chrome_ChildThread] WARNING: pip1570130082201	Marionette	INFO	Listening on port 58560
1570130082601	Marionette	WARN	TLS certificate errors will be ignored for this session
[Parent 12476, Gecko_IOThread] WARNING: pipe error: 109: file z:/task_1567426356/build/src/ipc/chromium/src/chrome/common/ipc_channel_win.cc, line 341
1570130093596	Marionette	INFO	Stopped listening on port 58560
[Child 13116, Chrome_ChildThread] WARNING: pipe error: 109: file z:/task_1567426356/build/src/ipc/chromium/src/chrome/common/ipc_channel_win.cc, line 341
[Child 13116, Chrome_ChildThread] WARNING: pipe error: 109: file z:/task_1567426356/build/src/ipc/chromium/src/chrome/common/ipc_channel_win.cc, line 341
[Parent 12476, Gecko_IOThread] WARNING: pipe error: 109: file z:/task_1567426356/build/src/ipc/chromium/src/chrome/common/ipc_channel_win.cc, line 341
[Child 11100, Chrome_ChildThread] WARNING: pipe error: 109: file z:/task_1567426356/build/src/ipc/chromium/src/chrome/common/ipc_channel_win.cc, line 341
[Child 11100, Chrome_ChildThrea[Parent 12476, Gecko_IOThread] WARNING: pipe error: 109: file z:/task_1567426356/build/src/ipc/chromium/src/chrome/common/ipc_channel_win.cc, line 341
[Child 5944, Chrome_ChildThread] WARNING: pipe error: 109: file z:/task_1567426356/build/src/ipc/chromium/src/chrome/common/ipc_channel_win.cc, line 341
[Child 594[GPU 2876
###!!! [Child][RunMessage] Error: Channel closing: too late to send/recv, messages will be lost


###!!! [Child][MessageChannel::SendAndWait] Error: Channel error: cannot send/recv

1570130237236	mozrunner::runner	INFO	Running command: "C:\\Program Files\\Firefox Developer Edition\\firefox.exe" "-marionette" "-foreground" "-no-remote" "-profile" "C:\\Users\\D4F0~1\\AppData\\Local\\Temp\\rust_mozprofile.0LHaHU7U6Tfg"
1570130237995	addons.webextension.screenshots@mozilla.org	WARN	Loading extension 'screenshots@mozilla.org': Reading manifest: Invalid extension permission: mozillaAddons
1570130237995	addons.webextension.screenshots@mozilla.org	WARN	Loading extension 'screenshots@mozilla.org': Reading manifest: Invalid extension permission: telemetry
1570130237995	addons.webextension.screenshots@mozilla.org	WARN	Loading extension 'screenshots@mozilla.org': Reading manifest: Invalid extension permission: resource://pdf.js/
1570130237995	addons.webextension.screenshots@mozilla.org	WARN	Loading extension 'screenshots@mozilla.org': Reading manifest: Invalid extension permission: about:reader*
JavaScript error: resource://gre/modules/XULStore.jsm, line 66: Error: Can't find profile directory.
WARN: compileToBinary(259): 
C:\fakepath(337,18-133): warning X3571: pow(f, e) will not work for negative f, use abs(f) or conditionally handle negative values if you expect them
C:\fakepath(343,62-116): warning X3571: pow(f, e) will not work for negative f, use abs(f) or conditionally handle negative values if you expect them
C:\fakepath(360,75-84): warning X3556: integer divides may be much slower, try using uints if possible.
C:\fakepath(363,50-59): warning X3556: integer modulus may be much slower, try using uints if possible.
C:\fakepath(383,33-90): warning X3571: pow(f, e) will not work for negative f, use abs(f) or conditionally handle negative values if you expect them
C:\fakepath(174,1-6): warning X4000: use of potentially uninitialized variable (dyn_index_vec4_float4)
C:\fakepath(289,25-29): error X4576: Input array signature parameter  cannot be indexed dynamically.

WARN: compileToBinary(259): 
C:\fakepath(337,18-133): warning X3571: pow(f, e) will not work for negative f, use abs(f) or conditionally handle negative values if you expect them
C:\fakepath(343,62-116): warning X3571: pow(f, e) will not work for negative f, use abs(f) or conditionally handle negative values if you expect them
C:\fakepath(360,75-84): warning X3556: integer divides may be much slower, try using uints if possible.
C:\fakepath(363,50-59): warning X3556: integer modulus may be much slower, try using uints if possible.
C:\fakepath(383,33-90): warning X3571: pow(f, e) will not work for negative f, use abs(f) or conditionally handle negative values if you expect them
C:\fakepath(174,1-6): warning X4000: use of potentially uninitialized variable (dyn_index_vec4_float4)
C:\fakepath(289,25-29): error X4576: Input array signature parameter  cannot be indexed dynamically.

WARN: compileToBinary(259): 
C:\fakepath(360,75-84): warning X3556: integer divides may be much slower, try using uints if possible.
C:\fakepath(363,50-59): warning X3556: integer modulus may be much slower, try using uints if possible.
C:\fakepath(174,1-6): warning X4000: use of potentially uninitialized variable (dyn_index_vec4_float4)
C:\fakepath(225,1): warning X4000: use of potentially uninitialized variable (f_distance_aa)
C:\fakepath(262,1): warning X4000: use of potentially uninitialized variable (f_do_clip)

[Child 11848, Chrome_ChildThread] WARNING: pipe error: 109: file z:/task_1567426356/build/src/ipc/chromium/src/chrome/common/ipc_channel_win.cc, line 341
[Child 11848, Chrome_ChildThrea1570130241441	Marionette	INFO	Listening on port 58788
1570130241500	Marionette	WARN	TLS certificate errors will be ignored for this session
1570130252842	Marionette	INFO	Stopped listening on port 58788
[Parent 2116, Gecko_IOThread] WARNING: pipe error: 109: file z:/task_1567426356/build/src/ipc/chromium/src/chrome/common/ipc_channel_win.cc, line 341
[Parent 2116, Gecko_IOThread] WARNING: pipe error: 109: file z:/task_1567426356/build/src/ipc/chromium/src/chrome/common/ipc_channel_win.cc, line 341
[Child 5084, Chrome_ChildThread] WARNING: pipe error: 109: file z:/task_1567426356/build/src/ipc/chromium/src/chrome/common/ipc_channel_win.cc, line 341
[Parent 2116, Gecko_IOThread] WARNING: pipe error: 109: file z:/task_1567426356/build/src/ipc/chromium/src/chrome/common/ipc_channel_win.cc, line 341
[GPU 995
###!!! [Child][RunMessage] Error: Channel closing: too late to send/recv, messages will be lost

6, Ch
###!!! [Child][MessageChannel::SendAndWait] Error: Channel error: cannot send/recv

1570130403183	mozrunner::runner	INFO	Running command: "C:\\Program Files\\Firefox Developer Edition\\firefox.exe" "-marionette" "-foreground" "-no-remote" "-profile" "C:\\Users\\D4F0~1\\AppData\\Local\\Temp\\rust_mozprofile.yGoTDawx4Wtd"
1570130403812	addons.webextension.screenshots@mozilla.org	WARN	Loading extension 'screenshots@mozilla.org': Reading manifest: Invalid extension permission: mozillaAddons
1570130403812	addons.webextension.screenshots@mozilla.org	WARN	Loading extension 'screenshots@mozilla.org': Reading manifest: Invalid extension permission: telemetry
1570130403812	addons.webextension.screenshots@mozilla.org	WARN	Loading extension 'screenshots@mozilla.org': Reading manifest: Invalid extension permission: resource://pdf.js/
1570130403812	addons.webextension.screenshots@mozilla.org	WARN	Loading extension 'screenshots@mozilla.org': Reading manifest: Invalid extension permission: about:reader*
JavaScript error: resource://gre/modules/XULStore.jsm, line 66: Error: Can't find profile directory.
WARN: compileToBinary(259): 
C:\fakepath(337,18-133): warning X3571: pow(f, e) will not work for negative f, use abs(f) or conditionally handle negative values if you expect them
C:\fakepath(343,62-116): warning X3571: pow(f, e) will not work for negative f, use abs(f) or conditionally handle negative values if you expect them
C:\fakepath(360,75-84): warning X3556: integer divides may be much slower, try using uints if possible.
C:\fakepath(363,50-59): warning X3556: integer modulus may be much slower, try using uints if possible.
C:\fakepath(383,33-90): warning X3571: pow(f, e) will not work for negative f, use abs(f) or conditionally handle negative values if you expect them
C:\fakepath(174,1-6): warning X4000: use of potentially uninitialized variable (dyn_index_vec4_float4)
C:\fakepath(289,25-29): error X4576: Input array signature parameter  cannot be indexed dynamically.

WARN: compileToBinary(259): 
C:\fakepath(337,18-133): warning X3571: pow(f, e) will not work for negative f, use abs(f) or conditionally handle negative values if you expect them
C:\fakepath(343,62-116): warning X3571: pow(f, e) will not work for negative f, use abs(f) or conditionally handle negative values if you expect them
C:\fakepath(360,75-84): warning X3556: integer divides may be much slower, try using uints if possible.
C:\fakepath(363,50-59): warning X3556: integer modulus may be much slower, try using uints if possible.
C:\fakepath(383,33-90): warning X3571: pow(f, e) will not work for negative f, use abs(f) or conditionally handle negative values if you expect them
C:\fakepath(174,1-6): warning X4000: use of potentially uninitialized variable (dyn_index_vec4_float4)
C:\fakepath(289,25-29): error X4576: Input array signature parameter  cannot be indexed dynamically.

WARN: compileToBinary(259): 
C:\fakepath(360,75-84): warning X3556: integer divides may be much slower, try using uints if possible.
C:\fakepath(363,50-59): warning X3556: integer modulus may be much slower, try using uints if possible.
C:\fakepath(174,1-6): warning X4000: use of potentially uninitialized variable (dyn_index_vec4_float4)
C:\fakepath(225,1): warning X4000: use of potentially uninitialized variable (f_distance_aa)
C:\fakepath(262,1): warning X4000: use of potentially uninitialized variable (f_do_clip)

[Child 12168, Chrome_ChildThread] WARNING: pipe error: 109: file z:/task_1567426356/build/src/ipc/chromium/src/chrome/common/ipc_channel_win.cc, line 341
[Child 12168, Chrome_ChildThread] WARNING: pipe error: 109: file z:/task_1567426356/build/src/ipc/chromium/src/chrome/common/ipc_channel_win.cc, line 341
1570130407472	Marionette	INFO	Listening on port 58943
1570130407923	Marionette	WARN	TLS certificate errors will be ignored for this session
1570130418400	Marionette	INFO	Stopped listening on port 58943
[Parent 4228, Gecko_IOThread] WARNING: pipe error: 109: file z:/task_1567426356/build/src/ipc/chromium/src/chrome/common/ipc_channel_win.cc, line 341
[Child 12808, Chrome_ChildThread] WARNING: pipe error: 109: file z:/task_1567426356/build/src/ipc/chromium/src/chrome/common/ipc_channel_win.cc, line 341
[Child 12808, Chrome_ChildThread] WARNING: pipe error: 109: file z:/task_1567426356/build/src/ipc/chromium/src/chrome/common/ipc_channel_win.cc, line 341
[Parent 4228, Gecko_IOThread] WARNING: pipe error: 109: file z:/task_1567426356/build/src/ipc/chromium/src/chrome/common/ipc_channel_win.cc, line 341
[Child 5548, Chrome_ChildThread] WARNING: pipe error: 109: file z:/task_1567426356/build/src/ipc/chromium/src/chrome/common/ipc_channel_win.cc, line 341
[Child 5548, Chro[GPU 4388
###!!! [Child][RunMessage] Error: Channel closing: too late to send/recv, messages will be lost

, 
###!!! [Child][MessageChannel::SendAndWait] Error: Channel error: cannot send/recv

1570130462974	mozrunner::runner	INFO	Running command: "C:\\Program Files\\Firefox Developer Edition\\firefox.exe" "-marionette" "-foreground" "-no-remote" "-profile" "C:\\Users\\D4F0~1\\AppData\\Local\\Temp\\rust_mozprofile.hwi1ZtsMA0CZ"
1570130463535	addons.webextension.screenshots@mozilla.org	WARN	Loading extension 'screenshots@mozilla.org': Reading manifest: Invalid extension permission: mozillaAddons
1570130463535	addons.webextension.screenshots@mozilla.org	WARN	Loading extension 'screenshots@mozilla.org': Reading manifest: Invalid extension permission: telemetry
1570130463535	addons.webextension.screenshots@mozilla.org	WARN	Loading extension 'screenshots@mozilla.org': Reading manifest: Invalid extension permission: resource://pdf.js/
1570130463535	addons.webextension.screenshots@mozilla.org	WARN	Loading extension 'screenshots@mozilla.org': Reading manifest: Invalid extension permission: about:reader*
JavaScript error: resource://gre/modules/XULStore.jsm, line 66: Error: Can't find profile directory.
WARN: compileToBinary(259): 
C:\fakepath(337,18-133): warning X3571: pow(f, e) will not work for negative f, use abs(f) or conditionally handle negative values if you expect them
C:\fakepath(343,62-116): warning X3571: pow(f, e) will not work for negative f, use abs(f) or conditionally handle negative values if you expect them
C:\fakepath(360,75-84): warning X3556: integer divides may be much slower, try using uints if possible.
C:\fakepath(363,50-59): warning X3556: integer modulus may be much slower, try using uints if possible.
C:\fakepath(383,33-90): warning X3571: pow(f, e) will not work for negative f, use abs(f) or conditionally handle negative values if you expect them
C:\fakepath(174,1-6): warning X4000: use of potentially uninitialized variable (dyn_index_vec4_float4)
C:\fakepath(289,25-29): error X4576: Input array signature parameter  cannot be indexed dynamically.

WARN: compileToBinary(259): 
C:\fakepath(337,18-133): warning X3571: pow(f, e) will not work for negative f, use abs(f) or conditionally handle negative values if you expect them
C:\fakepath(343,62-116): warning X3571: pow(f, e) will not work for negative f, use abs(f) or conditionally handle negative values if you expect them
C:\fakepath(360,75-84): warning X3556: integer divides may be much slower, try using uints if possible.
C:\fakepath(363,50-59): warning X3556: integer modulus may be much slower, try using uints if possible.
C:\fakepath(383,33-90): warning X3571: pow(f, e) will not work for negative f, use abs(f) or conditionally handle negative values if you expect them
C:\fakepath(174,1-6): warning X4000: use of potentially uninitialized variable (dyn_index_vec4_float4)
C:\fakepath(289,25-29): error X4576: Input array signature parameter  cannot be indexed dynamically.

WARN: compileToBinary(259): 
C:\fakepath(360,75-84): warning X3556: integer divides may be much slower, try using uints if possible.
C:\fakepath(363,50-59): warning X3556: integer modulus may be much slower, try using uints if possible.
C:\fakepath(174,1-6): warning X4000: use of potentially uninitialized variable (dyn_index_vec4_float4)
C:\fakepath(225,1): warning X4000: use of potentially uninitialized variable (f_distance_aa)
C:\fakepath(262,1): warning X4000: use of potentially uninitialized variable (f_do_clip)

[Child 13812, Chrome_ChildThread] WARNING: pipe error: 109: file z:/task_1567426356/build/src/ipc/chromium/src/chrome/common/ipc_channel_win.cc, line 341
[Child 13812, Chrom1570130467037	Marionette	INFO	Listening on port 59100
1570130467146	Marionette	WARN	TLS certificate errors will be ignored for this session
1570130478759	Marionette	INFO	Stopped listening on port 59100
[Parent 2052, Gecko_IOThread] WARNING: pipe error: 109: file z:/task_1567426356/build/src/ipc/chromium/src/chrome/common/ipc_channel_win.cc, line 341
[Child 11656, Chrome_ChildThread] WARNING: pipe error: 109: file z:/task_1567426356/build/src/ipc/chromium/src/chrome/common/ipc_channel_win.cc, line 341
[Child 9588, Chrome_ChildThread] WARNING: pipe error: 109: file z:/task_1567426356/build/src/ipc/chromium/src/chrome/common/ipc_channel_win.cc, line 341
[Child 9588, Chrome_ChildThread] WARNING: pipe error: 109: file z:/task_[Parent 2052, Gecko_IOThread] WARNING: pipe error: 109: file z:/task_1567426356/build/src/ipc/chromium/src/chrome/common/ipc_channel_win.cc, line 341
[Child 6336, Chrome_ChildThread] WARNING: pipe error: 109: file z:/task_1567426356/build/src/ipc/chromium/src/chrome/common/ipc_channel_win.cc, line 341
[Child 6336, Ch[GPU 11648, Chrome_C
###!!! [Child][RunMessage] Error: Channel closing: too late to send/recv, messages will be lost


###!!! [Child][MessageChannel::SendAndWait] Error: Channel error: cannot send/recv

1570130579451	mozrunner::runner	INFO	Running command: "C:\\Program Files\\Firefox Developer Edition\\firefox.exe" "-marionette" "-foreground" "-no-remote" "-profile" "C:\\Users\\D4F0~1\\AppData\\Local\\Temp\\rust_mozprofile.jNlx2drec8O9"
1570130580217	addons.webextension.screenshots@mozilla.org	WARN	Loading extension 'screenshots@mozilla.org': Reading manifest: Invalid extension permission: mozillaAddons
1570130580218	addons.webextension.screenshots@mozilla.org	WARN	Loading extension 'screenshots@mozilla.org': Reading manifest: Invalid extension permission: telemetry
1570130580218	addons.webextension.screenshots@mozilla.org	WARN	Loading extension 'screenshots@mozilla.org': Reading manifest: Invalid extension permission: resource://pdf.js/
1570130580218	addons.webextension.screenshots@mozilla.org	WARN	Loading extension 'screenshots@mozilla.org': Reading manifest: Invalid extension permission: about:reader*
JavaScript error: resource://gre/modules/XULStore.jsm, line 66: Error: Can't find profile directory.
WARN: compileToBinary(259): 
C:\fakepath(337,18-133): warning X3571: pow(f, e) will not work for negative f, use abs(f) or conditionally handle negative values if you expect them
C:\fakepath(343,62-116): warning X3571: pow(f, e) will not work for negative f, use abs(f) or conditionally handle negative values if you expect them
C:\fakepath(360,75-84): warning X3556: integer divides may be much slower, try using uints if possible.
C:\fakepath(363,50-59): warning X3556: integer modulus may be much slower, try using uints if possible.
C:\fakepath(383,33-90): warning X3571: pow(f, e) will not work for negative f, use abs(f) or conditionally handle negative values if you expect them
C:\fakepath(174,1-6): warning X4000: use of potentially uninitialized variable (dyn_index_vec4_float4)
C:\fakepath(289,25-29): error X4576: Input array signature parameter  cannot be indexed dynamically.

WARN: compileToBinary(259): 
C:\fakepath(337,18-133): warning X3571: pow(f, e) will not work for negative f, use abs(f) or conditionally handle negative values if you expect them
C:\fakepath(343,62-116): warning X3571: pow(f, e) will not work for negative f, use abs(f) or conditionally handle negative values if you expect them
C:\fakepath(360,75-84): warning X3556: integer divides may be much slower, try using uints if possible.
C:\fakepath(363,50-59): warning X3556: integer modulus may be much slower, try using uints if possible.
C:\fakepath(383,33-90): warning X3571: pow(f, e) will not work for negative f, use abs(f) or conditionally handle negative values if you expect them
C:\fakepath(174,1-6): warning X4000: use of potentially uninitialized variable (dyn_index_vec4_float4)
C:\fakepath(289,25-29): error X4576: Input array signature parameter  cannot be indexed dynamically.

WARN: compileToBinary(259): 
C:\fakepath(360,75-84): warning X3556: integer divides may be much slower, try using uints if possible.
C:\fakepath(363,50-59): warning X3556: integer modulus may be much slower, try using uints if possible.
C:\fakepath(174,1-6): warning X4000: use of potentially uninitialized variable (dyn_index_vec4_float4)
C:\fakepath(225,1): warning X4000: use of potentially uninitialized variable (f_distance_aa)
C:\fakepath(262,1): warning X4000: use of potentially uninitialized variable (f_do_clip)

[Child 9188, Chrome_ChildThread] WARNING: pipe error: 109: file z:/task_1567426356/build/src/ipc/chromium/src/chrome/common/ipc_channel_win.cc, line 341
[Child 9188, Chrome_ChildThread] WARNING: pipe error: 109: file z:/task_1567426356/build/src/ipc/chromium/src/chrome/common/ipc_channel_win.cc, line 341
1570130583811	Marionette	INFO	Listening on port 59309
1570130584197	Marionette	WARN	TLS certificate errors will be ignored for this session
1570130596826	Marionette	INFO	Stopped listening on port 59309
[Child 1276, Chrome_ChildThread] WARNING: pipe error: 109: file z:/task_1567426356/build/src/ipc/chromium/src/chrome/common/ipc_channel_win.cc, line 341
[Child 1276, C[Child 10360, Chrome_ChildThread] WARNING: pipe error: 109: file z:/task_1567426356/build/src/ipc/chromium/src/chrome/common/ipc_channel_win.cc, line 341
[Child 10360, Chrome_ChildThread] WA[Parent 3908, Gecko_IOThread] WARNING: pipe error: 109: file z:/task_1567426356/build/src/ipc/chromium/src/chrome/common/ipc_channel_win.cc, line 341
[GPU 12840, Chrome_ChildThre
###!!! [Child][RunMessage] Error: Channel closing: too late to send/recv, messages will be lost


###!!! [Child][MessageChannel::SendAndWait] Error: Channel error: cannot send/recv

1570130938354	mozrunner::runner	INFO	Running command: "C:\\Program Files\\Firefox Developer Edition\\firefox.exe" "-marionette" "-foreground" "-no-remote" "-profile" "C:\\Users\\D4F0~1\\AppData\\Local\\Temp\\rust_mozprofile.Tf2v1NXTwcMv"
1570130939035	addons.webextension.screenshots@mozilla.org	WARN	Loading extension 'screenshots@mozilla.org': Reading manifest: Invalid extension permission: mozillaAddons
1570130939036	addons.webextension.screenshots@mozilla.org	WARN	Loading extension 'screenshots@mozilla.org': Reading manifest: Invalid extension permission: telemetry
1570130939036	addons.webextension.screenshots@mozilla.org	WARN	Loading extension 'screenshots@mozilla.org': Reading manifest: Invalid extension permission: resource://pdf.js/
1570130939036	addons.webextension.screenshots@mozilla.org	WARN	Loading extension 'screenshots@mozilla.org': Reading manifest: Invalid extension permission: about:reader*
JavaScript error: resource://gre/modules/XULStore.jsm, line 66: Error: Can't find profile directory.
WARN: compileToBinary(259): 
C:\fakepath(337,18-133): warning X3571: pow(f, e) will not work for negative f, use abs(f) or conditionally handle negative values if you expect them
C:\fakepath(343,62-116): warning X3571: pow(f, e) will not work for negative f, use abs(f) or conditionally handle negative values if you expect them
C:\fakepath(360,75-84): warning X3556: integer divides may be much slower, try using uints if possible.
C:\fakepath(363,50-59): warning X3556: integer modulus may be much slower, try using uints if possible.
C:\fakepath(383,33-90): warning X3571: pow(f, e) will not work for negative f, use abs(f) or conditionally handle negative values if you expect them
C:\fakepath(174,1-6): warning X4000: use of potentially uninitialized variable (dyn_index_vec4_float4)
C:\fakepath(289,25-29): error X4576: Input array signature parameter  cannot be indexed dynamically.

WARN: compileToBinary(259): 
C:\fakepath(337,18-133): warning X3571: pow(f, e) will not work for negative f, use abs(f) or conditionally handle negative values if you expect them
C:\fakepath(343,62-116): warning X3571: pow(f, e) will not work for negative f, use abs(f) or conditionally handle negative values if you expect them
C:\fakepath(360,75-84): warning X3556: integer divides may be much slower, try using uints if possible.
C:\fakepath(363,50-59): warning X3556: integer modulus may be much slower, try using uints if possible.
C:\fakepath(383,33-90): warning X3571: pow(f, e) will not work for negative f, use abs(f) or conditionally handle negative values if you expect them
C:\fakepath(174,1-6): warning X4000: use of potentially uninitialized variable (dyn_index_vec4_float4)
C:\fakepath(289,25-29): error X4576: Input array signature parameter  cannot be indexed dynamically.

WARN: compileToBinary(259): 
C:\fakepath(360,75-84): warning X3556: integer divides may be much slower, try using uints if possible.
C:\fakepath(363,50-59): warning X3556: integer modulus may be much slower, try using uints if possible.
C:\fakepath(174,1-6): warning X4000: use of potentially uninitialized variable (dyn_index_vec4_float4)
C:\fakepath(225,1): warning X4000: use of potentially uninitialized variable (f_distance_aa)
C:\fakepath(262,1): warning X4000: use of potentially uninitialized variable (f_do_clip)

[Child 3972, Chrome_ChildThread] WARNING: pipe error: 109: file z:/task_1567426356/build/src/ipc/chromium/src/chrome/common/ipc_channel_win.cc, line 341
[Child 3972, Chrom1570130942651	Marionette	INFO	Listening on port 59643
1570130943101	Marionette	WARN	TLS certificate errors will be ignored for this session
[Parent 11824, Gecko_IOThread] WARNING: pipe error: 109: file z:/task_1567426356/build/src/ipc/chromium/src/chrome/common/ipc_channel_win.cc, line 341
JavaScript error: https://googleads.g.doubleclick.net/pagead/ads?client=ca-pub-6596896435643016&output=html&h=274&slotname=6107304313&adk=300872107&adf=1966441827&w=286&lmt=1570130947&rafmt=11&guci=2.2.0.0.2.2.0.0&format=286x274&url=https%3A%2F%2Fgamemag.ru%2F&flash=0&wgl=1&dt=1570130946867&bpp=29&bdt=3334&fdt=158&idt=159&shv=r20191001&cbv=r20190131&saldr=aa&abxe=1&correlator=5915812744589&frm=20&pv=2&ga_vid=1424849211.1570130947&ga_sid=1570130947&ga_hid=1649650404&ga_fc=0&icsg=137701511167&dssz=33&mdo=0&mso=1048576&u_tz=180&u_his=1&u_java=0&u_h=1080&u_w=1920&u_ah=1040&u_aw=1920&u_cd=24&u_nplug=0&u_nmime=0&adx=323&ady=4158&biw=1267&bih=894&scr_x=0&scr_y=0&eid=4089040%2C21062811%2C151527007&oid=3&pvsid=4339076067282555&pem=651&rx=0&eae=0&fc=912&brdim=4%2C4%2C4%2C4%2C1920%2C0%2C1296%2C975%2C1284%2C894&vis=1&rsz=M%7C%7CpoeEbr%7C&abl=CS&pfx=0&fu=144&bc=29&ifi=1&uci=a!1&xpc=wzEJE6x2aQ&p=https%3A//gamemag.ru&dtd=179, line 1: ReferenceError: DnszAd is not defined
1570130954094	Marionette	INFO	Stopped listening on port 59643
[Child 8396, Chrome_ChildThread] WARNING: pipe error: 109: file z:/task_1567426356/build/src/ipc/chromium/src/chrome/common/ipc_channel_win.cc, line 341
[Child 8396, Chrome_ChildThread] WARNING: pipe error: 109: file z:/task_1[Parent 11824, Gecko_IOThread] WARNING: pipe error: 109: file z:/task_1567426356/build/src/ipc/chromium/src/chrome/common/ipc_channel_win.cc, line 341
[Child 1224, Chro[Parent 11824, Gecko_IOThread] WARNING: pipe error: 109: file z:/task_1567426356/build/src/ipc/chromium/src/chrome/common/ipc_channel_win.cc, line 341
[Child 10580, Chrome_ChildThread] WARNING: pipe error: 109: file z:/task_1567426356/build/src/ipc/chromium/src/chrome/common/ipc_channel_win.cc, line 341
[Child 10580, Chr[GPU 9080, Chro
###!!! [Child][RunMessage] Error: Channel closing: too late to send/recv, messages will be lost


###!!! [Child][MessageChannel::SendAndWait] Error: Channel error: cannot send/recv

1570131088736	mozrunner::runner	INFO	Running command: "C:\\Program Files\\Firefox Developer Edition\\firefox.exe" "-marionette" "-foreground" "-no-remote" "-profile" "C:\\Users\\D4F0~1\\AppData\\Local\\Temp\\rust_mozprofile.vm7guhZMDqmT"
1570131089447	addons.webextension.screenshots@mozilla.org	WARN	Loading extension 'screenshots@mozilla.org': Reading manifest: Invalid extension permission: mozillaAddons
1570131089447	addons.webextension.screenshots@mozilla.org	WARN	Loading extension 'screenshots@mozilla.org': Reading manifest: Invalid extension permission: telemetry
1570131089447	addons.webextension.screenshots@mozilla.org	WARN	Loading extension 'screenshots@mozilla.org': Reading manifest: Invalid extension permission: resource://pdf.js/
1570131089447	addons.webextension.screenshots@mozilla.org	WARN	Loading extension 'screenshots@mozilla.org': Reading manifest: Invalid extension permission: about:reader*
JavaScript error: resource://gre/modules/XULStore.jsm, line 66: Error: Can't find profile directory.
WARN: compileToBinary(259): 
C:\fakepath(337,18-133): warning X3571: pow(f, e) will not work for negative f, use abs(f) or conditionally handle negative values if you expect them
C:\fakepath(343,62-116): warning X3571: pow(f, e) will not work for negative f, use abs(f) or conditionally handle negative values if you expect them
C:\fakepath(360,75-84): warning X3556: integer divides may be much slower, try using uints if possible.
C:\fakepath(363,50-59): warning X3556: integer modulus may be much slower, try using uints if possible.
C:\fakepath(383,33-90): warning X3571: pow(f, e) will not work for negative f, use abs(f) or conditionally handle negative values if you expect them
C:\fakepath(174,1-6): warning X4000: use of potentially uninitialized variable (dyn_index_vec4_float4)
C:\fakepath(289,25-29): error X4576: Input array signature parameter  cannot be indexed dynamically.

WARN: compileToBinary(259): 
C:\fakepath(337,18-133): warning X3571: pow(f, e) will not work for negative f, use abs(f) or conditionally handle negative values if you expect them
C:\fakepath(343,62-116): warning X3571: pow(f, e) will not work for negative f, use abs(f) or conditionally handle negative values if you expect them
C:\fakepath(360,75-84): warning X3556: integer divides may be much slower, try using uints if possible.
C:\fakepath(363,50-59): warning X3556: integer modulus may be much slower, try using uints if possible.
C:\fakepath(383,33-90): warning X3571: pow(f, e) will not work for negative f, use abs(f) or conditionally handle negative values if you expect them
C:\fakepath(174,1-6): warning X4000: use of potentially uninitialized variable (dyn_index_vec4_float4)
C:\fakepath(289,25-29): error X4576: Input array signature parameter  cannot be indexed dynamically.

WARN: compileToBinary(259): 
C:\fakepath(360,75-84): warning X3556: integer divides may be much slower, try using uints if possible.
C:\fakepath(363,50-59): warning X3556: integer modulus may be much slower, try using uints if possible.
C:\fakepath(174,1-6): warning X4000: use of potentially uninitialized variable (dyn_index_vec4_float4)
C:\fakepath(225,1): warning X4000: use of potentially uninitialized variable (f_distance_aa)
C:\fakepath(262,1): warning X4000: use of potentially uninitialized variable (f_do_clip)

[Child 7268, Chrome_ChildThread] WARNING: pipe error: 109: file z:/task_1567426356/build/src/ipc/chromium/src/chrome/common/ipc_channel_win.cc, line 341
[Child 7268, Chrome_ChildTh1570131093335	Marionette	INFO	Listening on port 59784
1570131093502	Marionette	WARN	TLS certificate errors will be ignored for this session
1570131114780	Marionette	INFO	Stopped listening on port 59784
[Parent 10872, Gecko_IOThread] WARNING: pipe error: 109: file z:/task_1567426356/build/src/ipc/chromium/src/chrome/common/ipc_channel_win.cc, line 341
[Child 200, Chrome_ChildThread] WARNING: pipe error: 109: file z:/task_1567426356/build/src/ipc/chromium/src/chrome/common/ipc_channel_win.cc, line 341
[Child 200, Chrome_ChildThread] WARNING: pipe error: 109: file z:/task_1567426356/build/src/ipc/chromium/src/chrome/common/ipc_channel_win.cc, line 341
[Parent 10872, Gecko_IOThread] WARNING: pipe error: 109: file z:/task_1567426356/build/src/ipc/chromium/src/chrome/common/ipc_channel_win.cc, line 341
[Child 5192, Chrome_ChildThread] WARNING: pipe error: 109: file z:/task_1567426356/build/src/ipc/chromium/src/chrome/common/ipc_channel_win.cc, line 341
[Child 5192, Chrome_ChildT[Parent 10872, Gecko_IOThread] WARNING: pipe error: 109: file z:/task_1567426356/build/src/ipc/chromium/src/chrome/common/ipc_channel_win.cc, line 341
[Child 13144, Chrome_ChildThread] WARNING: pipe error: 109: file z:/task_1567426356/build/src/ipc/chromium/src/chrome/common/ipc_channel_win.cc, line 341
[Child 13144, Ch
###!!! [Child][RunMessage] Error: Channel closing: too late to send/recv, messages will be lost

[GPU 728, Chro
###!!! [Child][MessageChannel::SendAndWait] Error: Channel error: cannot send/recv

1570131134885	mozrunner::runner	INFO	Running command: "C:\\Program Files\\Firefox Developer Edition\\firefox.exe" "-marionette" "-foreground" "-no-remote" "-profile" "C:\\Users\\D4F0~1\\AppData\\Local\\Temp\\rust_mozprofile.ZqxjkWgqZelz"
1570131135540	addons.webextension.screenshots@mozilla.org	WARN	Loading extension 'screenshots@mozilla.org': Reading manifest: Invalid extension permission: mozillaAddons
1570131135541	addons.webextension.screenshots@mozilla.org	WARN	Loading extension 'screenshots@mozilla.org': Reading manifest: Invalid extension permission: telemetry
1570131135541	addons.webextension.screenshots@mozilla.org	WARN	Loading extension 'screenshots@mozilla.org': Reading manifest: Invalid extension permission: resource://pdf.js/
1570131135541	addons.webextension.screenshots@mozilla.org	WARN	Loading extension 'screenshots@mozilla.org': Reading manifest: Invalid extension permission: about:reader*
JavaScript error: resource://gre/modules/XULStore.jsm, line 66: Error: Can't find profile directory.
WARN: compileToBinary(259): 
C:\fakepath(337,18-133): warning X3571: pow(f, e) will not work for negative f, use abs(f) or conditionally handle negative values if you expect them
C:\fakepath(343,62-116): warning X3571: pow(f, e) will not work for negative f, use abs(f) or conditionally handle negative values if you expect them
C:\fakepath(360,75-84): warning X3556: integer divides may be much slower, try using uints if possible.
C:\fakepath(363,50-59): warning X3556: integer modulus may be much slower, try using uints if possible.
C:\fakepath(383,33-90): warning X3571: pow(f, e) will not work for negative f, use abs(f) or conditionally handle negative values if you expect them
C:\fakepath(174,1-6): warning X4000: use of potentially uninitialized variable (dyn_index_vec4_float4)
C:\fakepath(289,25-29): error X4576: Input array signature parameter  cannot be indexed dynamically.

WARN: compileToBinary(259): 
C:\fakepath(337,18-133): warning X3571: pow(f, e) will not work for negative f, use abs(f) or conditionally handle negative values if you expect them
C:\fakepath(343,62-116): warning X3571: pow(f, e) will not work for negative f, use abs(f) or conditionally handle negative values if you expect them
C:\fakepath(360,75-84): warning X3556: integer divides may be much slower, try using uints if possible.
C:\fakepath(363,50-59): warning X3556: integer modulus may be much slower, try using uints if possible.
C:\fakepath(383,33-90): warning X3571: pow(f, e) will not work for negative f, use abs(f) or conditionally handle negative values if you expect them
C:\fakepath(174,1-6): warning X4000: use of potentially uninitialized variable (dyn_index_vec4_float4)
C:\fakepath(289,25-29): error X4576: Input array signature parameter  cannot be indexed dynamically.

WARN: compileToBinary(259): 
C:\fakepath(360,75-84): warning X3556: integer divides may be much slower, try using uints if possible.
C:\fakepath(363,50-59): warning X3556: integer modulus may be much slower, try using uints if possible.
C:\fakepath(174,1-6): warning X4000: use of potentially uninitialized variable (dyn_index_vec4_float4)
C:\fakepath(225,1): warning X4000: use of potentially uninitialized variable (f_distance_aa)
C:\fakepath(262,1): warning X4000: use of potentially uninitialized variable (f_do_clip)

[Child 3800, Chrome_ChildThread] WARNING: pipe error: 109: file z:/task_1567426356/build/src/ipc/chromium/src/chrome/common/ipc_channel_win.cc, line 341
[Child 3800, Chrome_Chi1570131139104	Marionette	INFO	Listening on port 59877
1570131139147	Marionette	WARN	TLS certificate errors will be ignored for this session
1570131149820	Marionette	INFO	Stopped listening on port 59877
[Child 7840, Chrome_ChildThread] WARNING: pipe error: 109: file z:/task_1567426356/build/src/ipc/chromium/src/chrome/common/ipc_channel_win.cc, line 341
[Child 7840, Chrome_ChildThread] WARNING: pipe error: 109: file z:/task_1567426356/build/src/ipc/chromium/src/chrome/common/ipc_channel_win.cc, line 341
[Child 8336, Chrome_ChildThread] WARNING: pipe error: 109: file z:/task_1567426356/build/src/ipc/chromium/src/chrome/common/ipc_channel_win.cc, line 341
[Child 8336, Chrome_ChildThread] WARNING: pipe error: 109: file z:/t[Parent 4228, Gecko_IOThread] WARNING: pipe error: 109: file z:/task_1567426356/build/src/ipc/chromium/src/chrome/common/ipc_channel_win.cc, line 341
[Child 8552, Chrome_ChildThread] WARNING: pipe error: 109: file z:/task_1567426356/build/src/ipc/chromium/src/chrome/common/ipc_channel_win.cc, line 341
[Child 8552, [GPU 7756, Chrom
###!!! [Child][RunMessage] Error: Channel closing: too late to send/recv, messages will be lost


###!!! [Child][MessageChannel::SendAndWait] Error: Channel error: cannot send/recv

1570131264609	mozrunner::runner	INFO	Running command: "C:\\Program Files\\Firefox Developer Edition\\firefox.exe" "-marionette" "-foreground" "-no-remote" "-profile" "C:\\Users\\D4F0~1\\AppData\\Local\\Temp\\rust_mozprofile.e7mEVh5oKvrC"
1570131265319	addons.webextension.screenshots@mozilla.org	WARN	Loading extension 'screenshots@mozilla.org': Reading manifest: Invalid extension permission: mozillaAddons
1570131265319	addons.webextension.screenshots@mozilla.org	WARN	Loading extension 'screenshots@mozilla.org': Reading manifest: Invalid extension permission: telemetry
1570131265319	addons.webextension.screenshots@mozilla.org	WARN	Loading extension 'screenshots@mozilla.org': Reading manifest: Invalid extension permission: resource://pdf.js/
1570131265319	addons.webextension.screenshots@mozilla.org	WARN	Loading extension 'screenshots@mozilla.org': Reading manifest: Invalid extension permission: about:reader*
JavaScript error: resource://gre/modules/XULStore.jsm, line 66: Error: Can't find profile directory.
WARN: compileToBinary(259): 
C:\fakepath(337,18-133): warning X3571: pow(f, e) will not work for negative f, use abs(f) or conditionally handle negative values if you expect them
C:\fakepath(343,62-116): warning X3571: pow(f, e) will not work for negative f, use abs(f) or conditionally handle negative values if you expect them
C:\fakepath(360,75-84): warning X3556: integer divides may be much slower, try using uints if possible.
C:\fakepath(363,50-59): warning X3556: integer modulus may be much slower, try using uints if possible.
C:\fakepath(383,33-90): warning X3571: pow(f, e) will not work for negative f, use abs(f) or conditionally handle negative values if you expect them
C:\fakepath(174,1-6): warning X4000: use of potentially uninitialized variable (dyn_index_vec4_float4)
C:\fakepath(289,25-29): error X4576: Input array signature parameter  cannot be indexed dynamically.

WARN: compileToBinary(259): 
C:\fakepath(337,18-133): warning X3571: pow(f, e) will not work for negative f, use abs(f) or conditionally handle negative values if you expect them
C:\fakepath(343,62-116): warning X3571: pow(f, e) will not work for negative f, use abs(f) or conditionally handle negative values if you expect them
C:\fakepath(360,75-84): warning X3556: integer divides may be much slower, try using uints if possible.
C:\fakepath(363,50-59): warning X3556: integer modulus may be much slower, try using uints if possible.
C:\fakepath(383,33-90): warning X3571: pow(f, e) will not work for negative f, use abs(f) or conditionally handle negative values if you expect them
C:\fakepath(174,1-6): warning X4000: use of potentially uninitialized variable (dyn_index_vec4_float4)
C:\fakepath(289,25-29): error X4576: Input array signature parameter  cannot be indexed dynamically.

WARN: compileToBinary(259): 
C:\fakepath(360,75-84): warning X3556: integer divides may be much slower, try using uints if possible.
C:\fakepath(363,50-59): warning X3556: integer modulus may be much slower, try using uints if possible.
C:\fakepath(174,1-6): warning X4000: use of potentially uninitialized variable (dyn_index_vec4_float4)
C:\fakepath(225,1): warning X4000: use of potentially uninitialized variable (f_distance_aa)
C:\fakepath(262,1): warning X4000: use of potentially uninitialized variable (f_do_clip)

[Child 4700, Chrome_ChildThread] WARNING: pipe error: 109: file z:/task_1567426356/build/src/ipc/chromium/src/chrome/common/ipc_channel_win.cc, line 341
[Child 4700, C1570131269168	Marionette	INFO	Listening on port 59973
1570131269355	Marionette	WARN	TLS certificate errors will be ignored for this session
1570131279301	Marionette	INFO	Stopped listening on port 59973
[Child 3900, Chrome_ChildThread] WARNING: pipe error: 109: file z:/task_1567426356/build/src/ipc/chromium/src/chrome/common/ipc_channel_win.cc, line 341
[Child 3900, Chrome_ChildThre[Parent 10880, Gecko_IOThread] WARNING: pipe error: 109: file z:/task_1567426356/build/src/ipc/chromium/src/chrome/common/ipc_channel_win.cc, line 341
[Child 5464, Chrome_ChildThread] WARNING: pipe error: 109: file z:/task_1567426356/build/src/ipc/chromium/src/chrome/common/ipc_channel_win.cc, line 341
[Child 5464, Chr[GPU 
###!!! [Child][RunMessage] Error: Channel closing: too late to send/recv, messages will be lost


###!!! [Child][MessageChannel::SendAndWait] Error: Channel error: cannot send/recv

1570131765058	mozrunner::runner	INFO	Running command: "C:\\Program Files\\Firefox Developer Edition\\firefox.exe" "-marionette" "-foreground" "-no-remote" "-profile" "C:\\Users\\D4F0~1\\AppData\\Local\\Temp\\rust_mozprofile.0AaTfgMYzzOm"
1570131765755	addons.webextension.screenshots@mozilla.org	WARN	Loading extension 'screenshots@mozilla.org': Reading manifest: Invalid extension permission: mozillaAddons
1570131765755	addons.webextension.screenshots@mozilla.org	WARN	Loading extension 'screenshots@mozilla.org': Reading manifest: Invalid extension permission: telemetry
1570131765755	addons.webextension.screenshots@mozilla.org	WARN	Loading extension 'screenshots@mozilla.org': Reading manifest: Invalid extension permission: resource://pdf.js/
1570131765755	addons.webextension.screenshots@mozilla.org	WARN	Loading extension 'screenshots@mozilla.org': Reading manifest: Invalid extension permission: about:reader*
JavaScript error: resource://gre/modules/XULStore.jsm, line 66: Error: Can't find profile directory.
WARN: compileToBinary(259): 
C:\fakepath(337,18-133): warning X3571: pow(f, e) will not work for negative f, use abs(f) or conditionally handle negative values if you expect them
C:\fakepath(343,62-116): warning X3571: pow(f, e) will not work for negative f, use abs(f) or conditionally handle negative values if you expect them
C:\fakepath(360,75-84): warning X3556: integer divides may be much slower, try using uints if possible.
C:\fakepath(363,50-59): warning X3556: integer modulus may be much slower, try using uints if possible.
C:\fakepath(383,33-90): warning X3571: pow(f, e) will not work for negative f, use abs(f) or conditionally handle negative values if you expect them
C:\fakepath(174,1-6): warning X4000: use of potentially uninitialized variable (dyn_index_vec4_float4)
C:\fakepath(289,25-29): error X4576: Input array signature parameter  cannot be indexed dynamically.

WARN: compileToBinary(259): 
C:\fakepath(337,18-133): warning X3571: pow(f, e) will not work for negative f, use abs(f) or conditionally handle negative values if you expect them
C:\fakepath(343,62-116): warning X3571: pow(f, e) will not work for negative f, use abs(f) or conditionally handle negative values if you expect them
C:\fakepath(360,75-84): warning X3556: integer divides may be much slower, try using uints if possible.
C:\fakepath(363,50-59): warning X3556: integer modulus may be much slower, try using uints if possible.
C:\fakepath(383,33-90): warning X3571: pow(f, e) will not work for negative f, use abs(f) or conditionally handle negative values if you expect them
C:\fakepath(174,1-6): warning X4000: use of potentially uninitialized variable (dyn_index_vec4_float4)
C:\fakepath(289,25-29): error X4576: Input array signature parameter  cannot be indexed dynamically.

WARN: compileToBinary(259): 
C:\fakepath(360,75-84): warning X3556: integer divides may be much slower, try using uints if possible.
C:\fakepath(363,50-59): warning X3556: integer modulus may be much slower, try using uints if possible.
C:\fakepath(174,1-6): warning X4000: use of potentially uninitialized variable (dyn_index_vec4_float4)
C:\fakepath(225,1): warning X4000: use of potentially uninitialized variable (f_distance_aa)
C:\fakepath(262,1): warning X4000: use of potentially uninitialized variable (f_do_clip)

[Parent 13492, Gecko_IOThread] WARNING: pipe error: 109: file z:/task_1567426356/build/src/ipc/chromium/src/chrome/common/ipc_channel_win.cc, line 341
[Child 4060, Chrome_ChildThread] WARNING: pipe error: 109: file z:/task_1567426356/build/src/ipc/chromium/src/chrome/common/ipc_channel_win.cc, line 341
[Child 4060, Chrome1570131769585	Marionette	INFO	Listening on port 60271
1570131769796	Marionette	WARN	TLS certificate errors will be ignored for this session
1570131780540	Marionette	INFO	Stopped listening on port 60271
[Child 8700, Chrome_ChildThread] WARNING: pipe error: 109: file z:/task_1567426356/build/src/ipc/chromium/src/chrome/common/ipc_channel_win.cc, line 341
[Child 8700, Chrome_ChildTh[Parent 13492, Gecko_IOThread] WARNING: pipe error: 109: file z:/task_1567426356/build/src/ipc/chromium/src/chrome/common/ipc_channel_win.cc, line 341
[Child 10516, Chrome_ChildThread] WARNING: pipe error: 109: file z:/task_1567426356/build/src/ipc/chromium/src/chrome/common/ipc_channel_win.cc, line 341
[Child 10516, Chrome
###!!! [Child][RunMessage] Error: Channel closing: too late to send/recv, messages will be lost

[GPU 11720, Chrome_ChildT
###!!! [Child][MessageChannel::SendAndWait] Error: Channel error: cannot send/recv

1570131800091	mozrunner::runner	INFO	Running command: "C:\\Program Files\\Firefox Developer Edition\\firefox.exe" "-marionette" "-foreground" "-no-remote" "-profile" "C:\\Users\\D4F0~1\\AppData\\Local\\Temp\\rust_mozprofile.c4CU97Hkg9sV"
1570131800903	addons.webextension.screenshots@mozilla.org	WARN	Loading extension 'screenshots@mozilla.org': Reading manifest: Invalid extension permission: mozillaAddons
1570131800904	addons.webextension.screenshots@mozilla.org	WARN	Loading extension 'screenshots@mozilla.org': Reading manifest: Invalid extension permission: telemetry
1570131800904	addons.webextension.screenshots@mozilla.org	WARN	Loading extension 'screenshots@mozilla.org': Reading manifest: Invalid extension permission: resource://pdf.js/
1570131800904	addons.webextension.screenshots@mozilla.org	WARN	Loading extension 'screenshots@mozilla.org': Reading manifest: Invalid extension permission: about:reader*
JavaScript error: resource://gre/modules/XULStore.jsm, line 66: Error: Can't find profile directory.
WARN: compileToBinary(259): 
C:\fakepath(337,18-133): warning X3571: pow(f, e) will not work for negative f, use abs(f) or conditionally handle negative values if you expect them
C:\fakepath(343,62-116): warning X3571: pow(f, e) will not work for negative f, use abs(f) or conditionally handle negative values if you expect them
C:\fakepath(360,75-84): warning X3556: integer divides may be much slower, try using uints if possible.
C:\fakepath(363,50-59): warning X3556: integer modulus may be much slower, try using uints if possible.
C:\fakepath(383,33-90): warning X3571: pow(f, e) will not work for negative f, use abs(f) or conditionally handle negative values if you expect them
C:\fakepath(174,1-6): warning X4000: use of potentially uninitialized variable (dyn_index_vec4_float4)
C:\fakepath(289,25-29): error X4576: Input array signature parameter  cannot be indexed dynamically.

WARN: compileToBinary(259): 
C:\fakepath(337,18-133): warning X3571: pow(f, e) will not work for negative f, use abs(f) or conditionally handle negative values if you expect them
C:\fakepath(343,62-116): warning X3571: pow(f, e) will not work for negative f, use abs(f) or conditionally handle negative values if you expect them
C:\fakepath(360,75-84): warning X3556: integer divides may be much slower, try using uints if possible.
C:\fakepath(363,50-59): warning X3556: integer modulus may be much slower, try using uints if possible.
C:\fakepath(383,33-90): warning X3571: pow(f, e) will not work for negative f, use abs(f) or conditionally handle negative values if you expect them
C:\fakepath(174,1-6): warning X4000: use of potentially uninitialized variable (dyn_index_vec4_float4)
C:\fakepath(289,25-29): error X4576: Input array signature parameter  cannot be indexed dynamically.

WARN: compileToBinary(259): 
C:\fakepath(360,75-84): warning X3556: integer divides may be much slower, try using uints if possible.
C:\fakepath(363,50-59): warning X3556: integer modulus may be much slower, try using uints if possible.
C:\fakepath(174,1-6): warning X4000: use of potentially uninitialized variable (dyn_index_vec4_float4)
C:\fakepath(225,1): warning X4000: use of potentially uninitialized variable (f_distance_aa)
C:\fakepath(262,1): warning X4000: use of potentially uninitialized variable (f_do_clip)

[Parent 444, Gecko_IOThread] WARNING: pipe error: 109: file z:/task_1567426356/build/src/ipc/chromium/src/chrome/common/ipc_channel_win.cc, line 341
[Child 12324, Chrome_ChildThread] WARNING: pipe error: 109: file z:/task_1567426356/build/src/ipc/chromium/src/chrome/common/ipc_channel_win.cc, line 341
[Child 12324, Chro1570131804225	Marionette	INFO	Listening on port 60419
1570131804323	Marionette	WARN	TLS certificate errors will be ignored for this session
1570131814875	Marionette	INFO	Stopped listening on port 60419
[Child 1[Chil[GPU 5132, 
###!!! [Child][RunMessage] Error: Channel closing: too late to send/recv, messages will be lost

Chr
###!!! [Child][MessageChannel::SendAndWait] Error: Channel error: cannot send/recv

1570134056684	mozrunner::runner	INFO	Running command: "C:\\Program Files\\Firefox Developer Edition\\firefox.exe" "-marionette" "-foreground" "-no-remote" "-profile" "C:\\Users\\D4F0~1\\AppData\\Local\\Temp\\rust_mozprofile.3aM0igAxxdqc"
1570134057314	addons.webextension.screenshots@mozilla.org	WARN	Loading extension 'screenshots@mozilla.org': Reading manifest: Invalid extension permission: mozillaAddons
1570134057315	addons.webextension.screenshots@mozilla.org	WARN	Loading extension 'screenshots@mozilla.org': Reading manifest: Invalid extension permission: telemetry
1570134057315	addons.webextension.screenshots@mozilla.org	WARN	Loading extension 'screenshots@mozilla.org': Reading manifest: Invalid extension permission: resource://pdf.js/
1570134057315	addons.webextension.screenshots@mozilla.org	WARN	Loading extension 'screenshots@mozilla.org': Reading manifest: Invalid extension permission: about:reader*
JavaScript error: resource://gre/modules/XULStore.jsm, line 66: Error: Can't find profile directory.
WARN: compileToBinary(259): 
C:\fakepath(337,18-133): warning X3571: pow(f, e) will not work for negative f, use abs(f) or conditionally handle negative values if you expect them
C:\fakepath(343,62-116): warning X3571: pow(f, e) will not work for negative f, use abs(f) or conditionally handle negative values if you expect them
C:\fakepath(360,75-84): warning X3556: integer divides may be much slower, try using uints if possible.
C:\fakepath(363,50-59): warning X3556: integer modulus may be much slower, try using uints if possible.
C:\fakepath(383,33-90): warning X3571: pow(f, e) will not work for negative f, use abs(f) or conditionally handle negative values if you expect them
C:\fakepath(174,1-6): warning X4000: use of potentially uninitialized variable (dyn_index_vec4_float4)
C:\fakepath(289,25-29): error X4576: Input array signature parameter  cannot be indexed dynamically.

WARN: compileToBinary(259): 
C:\fakepath(337,18-133): warning X3571: pow(f, e) will not work for negative f, use abs(f) or conditionally handle negative values if you expect them
C:\fakepath(343,62-116): warning X3571: pow(f, e) will not work for negative f, use abs(f) or conditionally handle negative values if you expect them
C:\fakepath(360,75-84): warning X3556: integer divides may be much slower, try using uints if possible.
C:\fakepath(363,50-59): warning X3556: integer modulus may be much slower, try using uints if possible.
C:\fakepath(383,33-90): warning X3571: pow(f, e) will not work for negative f, use abs(f) or conditionally handle negative values if you expect them
C:\fakepath(174,1-6): warning X4000: use of potentially uninitialized variable (dyn_index_vec4_float4)
C:\fakepath(289,25-29): error X4576: Input array signature parameter  cannot be indexed dynamically.

WARN: compileToBinary(259): 
C:\fakepath(360,75-84): warning X3556: integer divides may be much slower, try using uints if possible.
C:\fakepath(363,50-59): warning X3556: integer modulus may be much slower, try using uints if possible.
C:\fakepath(174,1-6): warning X4000: use of potentially uninitialized variable (dyn_index_vec4_float4)
C:\fakepath(225,1): warning X4000: use of potentially uninitialized variable (f_distance_aa)
C:\fakepath(262,1): warning X4000: use of potentially uninitialized variable (f_do_clip)

1570134061308	Marionette	INFO	Listening on port 61577
1570134061428	Marionette	WARN	TLS certificate errors will be ignored for this session
1570134072571	Marionette	INFO	Stopped listening on port 61577
[Parent 7456, Gecko_IOThread] WARNING: pipe error: 109: file z:/task_1567426356/build/src/ipc/chromium/src/chrome/common/ipc_channel_win.cc, line 341
[Child 2252, Chrome_ChildThread] WARNING: pipe error: 109: file z:/task_1567426356/build/src/ipc/chromium/src/chrome/common/ipc_channel_win.cc, line 341
[Child 2252, Chrome_ChildThread] WARNING: pi[Child 4852, Chrome_ChildThread] WARNING: pipe error: 109: file z:/task_1567426356/build/src/ipc/chromium/src/chrome/common/ipc_channel_win.cc, line 341
[Child 4852, Chrome[Parent 7456, Gecko_IOThread] WARNING: pipe error: 109: file z:/task_1567426356/build/src/ipc/chromium/src/chrome/common/ipc_channel_win.cc, line 341
[Child 8712, Chrome_ChildThread] WARNING: pipe error: 109: file z:/task_1567426356/build/src/ipc/chromium/src/chrome/common/ipc_channel_win.cc, line 341
[Child 8712, Ch[GPU 70
###!!! [Child][RunMessage] Error: Channel closing: too late to send/recv, messages will be lost


###!!! [Child][MessageChannel::SendAndWait] Error: Channel error: cannot send/recv

1570476742345	mozrunner::runner	INFO	Running command: "C:\\Program Files\\Firefox Developer Edition\\firefox.exe" "-marionette" "-foreground" "-no-remote" "-profile" "C:\\Users\\D4F0~1\\AppData\\Local\\Temp\\rust_mozprofile.n58fSshFyJbd"
1570476746030	addons.webextension.screenshots@mozilla.org	WARN	Loading extension 'screenshots@mozilla.org': Reading manifest: Invalid extension permission: mozillaAddons
1570476746030	addons.webextension.screenshots@mozilla.org	WARN	Loading extension 'screenshots@mozilla.org': Reading manifest: Invalid extension permission: telemetry
1570476746030	addons.webextension.screenshots@mozilla.org	WARN	Loading extension 'screenshots@mozilla.org': Reading manifest: Invalid extension permission: resource://pdf.js/
1570476746030	addons.webextension.screenshots@mozilla.org	WARN	Loading extension 'screenshots@mozilla.org': Reading manifest: Invalid extension permission: about:reader*
JavaScript error: resource://gre/modules/XULStore.jsm, line 66: Error: Can't find profile directory.
WARN: compileToBinary(259): 
C:\fakepath(337,18-133): warning X3571: pow(f, e) will not work for negative f, use abs(f) or conditionally handle negative values if you expect them
C:\fakepath(343,62-116): warning X3571: pow(f, e) will not work for negative f, use abs(f) or conditionally handle negative values if you expect them
C:\fakepath(360,75-84): warning X3556: integer divides may be much slower, try using uints if possible.
C:\fakepath(363,50-59): warning X3556: integer modulus may be much slower, try using uints if possible.
C:\fakepath(383,33-90): warning X3571: pow(f, e) will not work for negative f, use abs(f) or conditionally handle negative values if you expect them
C:\fakepath(174,1-6): warning X4000: use of potentially uninitialized variable (dyn_index_vec4_float4)
C:\fakepath(289,25-29): error X4576: Input array signature parameter  cannot be indexed dynamically.

WARN: compileToBinary(259): 
C:\fakepath(337,18-133): warning X3571: pow(f, e) will not work for negative f, use abs(f) or conditionally handle negative values if you expect them
C:\fakepath(343,62-116): warning X3571: pow(f, e) will not work for negative f, use abs(f) or conditionally handle negative values if you expect them
C:\fakepath(360,75-84): warning X3556: integer divides may be much slower, try using uints if possible.
C:\fakepath(363,50-59): warning X3556: integer modulus may be much slower, try using uints if possible.
C:\fakepath(383,33-90): warning X3571: pow(f, e) will not work for negative f, use abs(f) or conditionally handle negative values if you expect them
C:\fakepath(174,1-6): warning X4000: use of potentially uninitialized variable (dyn_index_vec4_float4)
C:\fakepath(289,25-29): error X4576: Input array signature parameter  cannot be indexed dynamically.

WARN: compileToBinary(259): 
C:\fakepath(360,75-84): warning X3556: integer divides may be much slower, try using uints if possible.
C:\fakepath(363,50-59): warning X3556: integer modulus may be much slower, try using uints if possible.
C:\fakepath(174,1-6): warning X4000: use of potentially uninitialized variable (dyn_index_vec4_float4)
C:\fakepath(225,1): warning X4000: use of potentially uninitialized variable (f_distance_aa)
C:\fakepath(262,1): warning X4000: use of potentially uninitialized variable (f_do_clip)

[Parent 12464, Gecko_IOThread] WARNING: pipe error: 109: file z:/task_1567426356/build/src/ipc/chromium/src/chrome/common/ipc_channel_win.cc, line 341
[Child 13920, Chrome_ChildThread] WARNING: pipe error: 109: file z:/task_1567426356/build/src/ipc/chromium/src/chrome/common/ipc_channel_win.cc, line 341
[Child 13920, Chrome_1570476755405	Marionette	INFO	Listening on port 62636
1570476755838	Marionette	WARN	TLS certificate errors will be ignored for this session
1570476767910	Marionette	INFO	Stopped listening on port 62636
[Child 10512, Chrome_ChildThread] WARNING: pipe error: 109: file z:/task_1567426356/build/src/ipc/chromium/src/chrome/common/ipc_channel_win.cc, line 341
[Child 10512, C[Child 13140, Chrome_ChildThread] WARNING: pipe error: 109: file z:/task_1567426356/build/src/ipc/chromium/src/chrome/common/ipc_channel_win.cc, line 341
[Child 13140, Chrome_ChildThre[Parent 12464, Gecko_IOThread] WARNING: pipe error: 109: file z:/task_1567426356/build/src/ipc/chromium/src/chrome/common/ipc_channel_win.cc, line 341
[Child 128, Chrome_ChildThread] WARNING: pipe error: 109: file z:/task_1567426356/build/src/ipc/chromium/src/chrome/common/ipc_channel_win.cc, line 341
[Child 128, Chrome_Chil[GPU 7844, Chrome_Chi
###!!! [Child][RunMessage] Error: Channel closing: too late to send/recv, messages will be lost

ldThr
###!!! [Child][MessageChannel::SendAndWait] Error: Channel error: cannot send/recv

1570476805314	mozrunner::runner	INFO	Running command: "C:\\Program Files\\Firefox Developer Edition\\firefox.exe" "-marionette" "-foreground" "-no-remote" "-profile" "C:\\Users\\D4F0~1\\AppData\\Local\\Temp\\rust_mozprofile.inFHmpXrbq7t"
1570476806303	addons.webextension.screenshots@mozilla.org	WARN	Loading extension 'screenshots@mozilla.org': Reading manifest: Invalid extension permission: mozillaAddons
1570476806303	addons.webextension.screenshots@mozilla.org	WARN	Loading extension 'screenshots@mozilla.org': Reading manifest: Invalid extension permission: telemetry
1570476806304	addons.webextension.screenshots@mozilla.org	WARN	Loading extension 'screenshots@mozilla.org': Reading manifest: Invalid extension permission: resource://pdf.js/
1570476806304	addons.webextension.screenshots@mozilla.org	WARN	Loading extension 'screenshots@mozilla.org': Reading manifest: Invalid extension permission: about:reader*
JavaScript error: resource://gre/modules/XULStore.jsm, line 66: Error: Can't find profile directory.
WARN: compileToBinary(259): 
C:\fakepath(337,18-133): warning X3571: pow(f, e) will not work for negative f, use abs(f) or conditionally handle negative values if you expect them
C:\fakepath(343,62-116): warning X3571: pow(f, e) will not work for negative f, use abs(f) or conditionally handle negative values if you expect them
C:\fakepath(360,75-84): warning X3556: integer divides may be much slower, try using uints if possible.
C:\fakepath(363,50-59): warning X3556: integer modulus may be much slower, try using uints if possible.
C:\fakepath(383,33-90): warning X3571: pow(f, e) will not work for negative f, use abs(f) or conditionally handle negative values if you expect them
C:\fakepath(174,1-6): warning X4000: use of potentially uninitialized variable (dyn_index_vec4_float4)
C:\fakepath(289,25-29): error X4576: Input array signature parameter  cannot be indexed dynamically.

WARN: compileToBinary(259): 
C:\fakepath(337,18-133): warning X3571: pow(f, e) will not work for negative f, use abs(f) or conditionally handle negative values if you expect them
C:\fakepath(343,62-116): warning X3571: pow(f, e) will not work for negative f, use abs(f) or conditionally handle negative values if you expect them
C:\fakepath(360,75-84): warning X3556: integer divides may be much slower, try using uints if possible.
C:\fakepath(363,50-59): warning X3556: integer modulus may be much slower, try using uints if possible.
C:\fakepath(383,33-90): warning X3571: pow(f, e) will not work for negative f, use abs(f) or conditionally handle negative values if you expect them
C:\fakepath(174,1-6): warning X4000: use of potentially uninitialized variable (dyn_index_vec4_float4)
C:\fakepath(289,25-29): error X4576: Input array signature parameter  cannot be indexed dynamically.

WARN: compileToBinary(259): 
C:\fakepath(360,75-84): warning X3556: integer divides may be much slower, try using uints if possible.
C:\fakepath(363,50-59): warning X3556: integer modulus may be much slower, try using uints if possible.
C:\fakepath(174,1-6): warning X4000: use of potentially uninitialized variable (dyn_index_vec4_float4)
C:\fakepath(225,1): warning X4000: use of potentially uninitialized variable (f_distance_aa)
C:\fakepath(262,1): warning X4000: use of potentially uninitialized variable (f_do_clip)

[Child 7292, Chrome_ChildThread] WARNING: pipe error: 109: file z:/task_1567426356/build/src/ipc/chromium/src/chrome/common/ipc_channel_win.cc, line 341
[Child 7292, Chrome_ChildThr1570476810987	Marionette	INFO	Listening on port 62852
1570476811098	Marionette	WARN	TLS certificate errors will be ignored for this session
1570476820725	Marionette	INFO	Stopped listening on port 62852
[Child 10928, Chrome_ChildThread] WARNING: pipe error: 109: file z:/task_1567426356/build/src/ipc/chromium/src/chrome/common/ipc_channel_win.cc, line 341
[Child 10928, Chrome_ChildThread] WARNI[Parent 5488, Gecko_IOThread] WARNING: pipe error: 109: file z:/task_1567426356/build/src/ipc/chromium/src/chrome/common/ipc_channel_win.cc, line 341
[Child 300, Chrome_ChildThread] WARNING: pipe error: 109: file z:/task_1567426356/build/src/ipc/chromium/src/chrome/common/ipc_channel_win.cc, line 341
[Child 300, Chrome[GPU 4716, Chrome_ChildThread] WARNI
###!!! [Child][MessageChannel::SendAndWait] Error: Channel error: cannot send/recv

1570476865491	mozrunner::runner	INFO	Running command: "C:\\Program Files\\Firefox Developer Edition\\firefox.exe" "-marionette" "-foreground" "-no-remote" "-profile" "C:\\Users\\D4F0~1\\AppData\\Local\\Temp\\rust_mozprofile.cFYTVi6EH1YK"
1570476866404	addons.webextension.screenshots@mozilla.org	WARN	Loading extension 'screenshots@mozilla.org': Reading manifest: Invalid extension permission: mozillaAddons
1570476866404	addons.webextension.screenshots@mozilla.org	WARN	Loading extension 'screenshots@mozilla.org': Reading manifest: Invalid extension permission: telemetry
1570476866405	addons.webextension.screenshots@mozilla.org	WARN	Loading extension 'screenshots@mozilla.org': Reading manifest: Invalid extension permission: resource://pdf.js/
1570476866405	addons.webextension.screenshots@mozilla.org	WARN	Loading extension 'screenshots@mozilla.org': Reading manifest: Invalid extension permission: about:reader*
JavaScript error: resource://gre/modules/XULStore.jsm, line 66: Error: Can't find profile directory.
WARN: compileToBinary(259): 
C:\fakepath(337,18-133): warning X3571: pow(f, e) will not work for negative f, use abs(f) or conditionally handle negative values if you expect them
C:\fakepath(343,62-116): warning X3571: pow(f, e) will not work for negative f, use abs(f) or conditionally handle negative values if you expect them
C:\fakepath(360,75-84): warning X3556: integer divides may be much slower, try using uints if possible.
C:\fakepath(363,50-59): warning X3556: integer modulus may be much slower, try using uints if possible.
C:\fakepath(383,33-90): warning X3571: pow(f, e) will not work for negative f, use abs(f) or conditionally handle negative values if you expect them
C:\fakepath(174,1-6): warning X4000: use of potentially uninitialized variable (dyn_index_vec4_float4)
C:\fakepath(289,25-29): error X4576: Input array signature parameter  cannot be indexed dynamically.

WARN: compileToBinary(259): 
C:\fakepath(337,18-133): warning X3571: pow(f, e) will not work for negative f, use abs(f) or conditionally handle negative values if you expect them
C:\fakepath(343,62-116): warning X3571: pow(f, e) will not work for negative f, use abs(f) or conditionally handle negative values if you expect them
C:\fakepath(360,75-84): warning X3556: integer divides may be much slower, try using uints if possible.
C:\fakepath(363,50-59): warning X3556: integer modulus may be much slower, try using uints if possible.
C:\fakepath(383,33-90): warning X3571: pow(f, e) will not work for negative f, use abs(f) or conditionally handle negative values if you expect them
C:\fakepath(174,1-6): warning X4000: use of potentially uninitialized variable (dyn_index_vec4_float4)
C:\fakepath(289,25-29): error X4576: Input array signature parameter  cannot be indexed dynamically.

WARN: compileToBinary(259): 
C:\fakepath(360,75-84): warning X3556: integer divides may be much slower, try using uints if possible.
C:\fakepath(363,50-59): warning X3556: integer modulus may be much slower, try using uints if possible.
C:\fakepath(174,1-6): warning X4000: use of potentially uninitialized variable (dyn_index_vec4_float4)
C:\fakepath(225,1): warning X4000: use of potentially uninitialized variable (f_distance_aa)
C:\fakepath(262,1): warning X4000: use of potentially uninitialized variable (f_do_clip)

[Child 3152, Chrome_ChildThread] WARNING: pipe error: 109: file z:/task_1567426356/build/src/ipc/chromium/src/chrome/common/ipc_channel_win.cc, line 341
[Child 3152, Chr1570476870612	Marionette	INFO	Listening on port 63040
1570476870738	Marionette	WARN	TLS certificate errors will be ignored for this session
1570476882021	Marionette	INFO	Stopped listening on port 63040
[Child 13256, Chrome_ChildThread] WARNING: pipe error: 109: file z:/task_1567426356/build/src/ipc/chromium/src/chrome/common/ipc_channel_win.cc, line 341
[Child 13256, Chrome_ChildThread] WARNING: pipe error:[Child 10276, Chrome_ChildThread] WARNING: pipe error: 109: file z:/task_1567426356/build/src/ipc/chromium/src/chrome/common/ipc_channel_win.cc, line 341
[Child 10276, Chrome_ChildThread] W[Parent 6400, Gecko_IOThread] WARNING: pipe error: 109: file z:/task_1567426356/build/src/ipc/chromium/src/chrome/common/ipc_channel_win.cc, line 341
[Child 11244, Chrome_ChildThread] WARNING: pipe error: 109: file z:/task_1567426356/build/src/ipc/chromium/src/chrome/common/ipc_channel_win.cc, line 341
[Child 11244[GPU 12464, Chro
###!!! [Child][MessageChannel::SendAndWait] Error: Channel error: cannot send/recv

1570476929673	mozrunner::runner	INFO	Running command: "C:\\Program Files\\Firefox Developer Edition\\firefox.exe" "-marionette" "-foreground" "-no-remote" "-profile" "C:\\Users\\D4F0~1\\AppData\\Local\\Temp\\rust_mozprofile.Hd7sK59kyzVw"
1570476930530	addons.webextension.screenshots@mozilla.org	WARN	Loading extension 'screenshots@mozilla.org': Reading manifest: Invalid extension permission: mozillaAddons
1570476930530	addons.webextension.screenshots@mozilla.org	WARN	Loading extension 'screenshots@mozilla.org': Reading manifest: Invalid extension permission: telemetry
1570476930530	addons.webextension.screenshots@mozilla.org	WARN	Loading extension 'screenshots@mozilla.org': Reading manifest: Invalid extension permission: resource://pdf.js/
1570476930531	addons.webextension.screenshots@mozilla.org	WARN	Loading extension 'screenshots@mozilla.org': Reading manifest: Invalid extension permission: about:reader*
JavaScript error: resource://gre/modules/XULStore.jsm, line 66: Error: Can't find profile directory.
WARN: compileToBinary(259): 
C:\fakepath(337,18-133): warning X3571: pow(f, e) will not work for negative f, use abs(f) or conditionally handle negative values if you expect them
C:\fakepath(343,62-116): warning X3571: pow(f, e) will not work for negative f, use abs(f) or conditionally handle negative values if you expect them
C:\fakepath(360,75-84): warning X3556: integer divides may be much slower, try using uints if possible.
C:\fakepath(363,50-59): warning X3556: integer modulus may be much slower, try using uints if possible.
C:\fakepath(383,33-90): warning X3571: pow(f, e) will not work for negative f, use abs(f) or conditionally handle negative values if you expect them
C:\fakepath(174,1-6): warning X4000: use of potentially uninitialized variable (dyn_index_vec4_float4)
C:\fakepath(289,25-29): error X4576: Input array signature parameter  cannot be indexed dynamically.

WARN: compileToBinary(259): 
C:\fakepath(337,18-133): warning X3571: pow(f, e) will not work for negative f, use abs(f) or conditionally handle negative values if you expect them
C:\fakepath(343,62-116): warning X3571: pow(f, e) will not work for negative f, use abs(f) or conditionally handle negative values if you expect them
C:\fakepath(360,75-84): warning X3556: integer divides may be much slower, try using uints if possible.
C:\fakepath(363,50-59): warning X3556: integer modulus may be much slower, try using uints if possible.
C:\fakepath(383,33-90): warning X3571: pow(f, e) will not work for negative f, use abs(f) or conditionally handle negative values if you expect them
C:\fakepath(174,1-6): warning X4000: use of potentially uninitialized variable (dyn_index_vec4_float4)
C:\fakepath(289,25-29): error X4576: Input array signature parameter  cannot be indexed dynamically.

WARN: compileToBinary(259): 
C:\fakepath(360,75-84): warning X3556: integer divides may be much slower, try using uints if possible.
C:\fakepath(363,50-59): warning X3556: integer modulus may be much slower, try using uints if possible.
C:\fakepath(174,1-6): warning X4000: use of potentially uninitialized variable (dyn_index_vec4_float4)
C:\fakepath(225,1): warning X4000: use of potentially uninitialized variable (f_distance_aa)
C:\fakepath(262,1): warning X4000: use of potentially uninitialized variable (f_do_clip)

[Child 11108, Chrome_ChildThread] WARNING: pipe error: 109: file z:/task_1567426356/build/src/ipc/chromium/src/chrome/common/ipc_channel_win.cc, line 341
[Child 11108, Chrome_ChildThread] WARNING: pipe error: 1570476934829	Marionette	INFO	Listening on port 63185
1570476934914	Marionette	WARN	TLS certificate errors will be ignored for this session
1570476945486	Marionette	INFO	Stopped listening on port 63185
[Parent 11668, Gecko_IOThread] WARNING: pipe error: 109: file z:/task_1567426356/build/src/ipc/chromium/src/chrome/common/ipc_channel_win.cc, line 341
[Child 12268, Chrome_ChildThread] WARNING: pip[Parent 11668, Gecko_IOThread] WARNING: pipe error: 109: file z:/task_1567426356/build/src/ipc/chromium/src/chrome/common/ipc_channel_win.cc, line 341
[Child 3176, Chrome_ChildThread] WARNING: pipe error: 109: file z:/task_1567426356/build/src/ipc/chromium/src/chrome/common/ipc_channel_win.cc, line 341
[Child 3176, 
###!!! [Child][RunMessage] Error: Channel closing: too late to send/recv, messages will be lost

[GPU 13804, Chr
###!!! [Child][MessageChannel::SendAndWait] Error: Channel error: cannot send/recv

1570477200830	mozrunner::runner	INFO	Running command: "C:\\Program Files\\Firefox Developer Edition\\firefox.exe" "-marionette" "-foreground" "-no-remote" "-profile" "C:\\Users\\D4F0~1\\AppData\\Local\\Temp\\rust_mozprofile.dGA5BOzynFhY"
1570477201596	addons.webextension.screenshots@mozilla.org	WARN	Loading extension 'screenshots@mozilla.org': Reading manifest: Invalid extension permission: mozillaAddons
1570477201596	addons.webextension.screenshots@mozilla.org	WARN	Loading extension 'screenshots@mozilla.org': Reading manifest: Invalid extension permission: telemetry
1570477201596	addons.webextension.screenshots@mozilla.org	WARN	Loading extension 'screenshots@mozilla.org': Reading manifest: Invalid extension permission: resource://pdf.js/
1570477201596	addons.webextension.screenshots@mozilla.org	WARN	Loading extension 'screenshots@mozilla.org': Reading manifest: Invalid extension permission: about:reader*
JavaScript error: resource://gre/modules/XULStore.jsm, line 66: Error: Can't find profile directory.
WARN: compileToBinary(259): 
C:\fakepath(337,18-133): warning X3571: pow(f, e) will not work for negative f, use abs(f) or conditionally handle negative values if you expect them
C:\fakepath(343,62-116): warning X3571: pow(f, e) will not work for negative f, use abs(f) or conditionally handle negative values if you expect them
C:\fakepath(360,75-84): warning X3556: integer divides may be much slower, try using uints if possible.
C:\fakepath(363,50-59): warning X3556: integer modulus may be much slower, try using uints if possible.
C:\fakepath(383,33-90): warning X3571: pow(f, e) will not work for negative f, use abs(f) or conditionally handle negative values if you expect them
C:\fakepath(174,1-6): warning X4000: use of potentially uninitialized variable (dyn_index_vec4_float4)
C:\fakepath(289,25-29): error X4576: Input array signature parameter  cannot be indexed dynamically.

WARN: compileToBinary(259): 
C:\fakepath(337,18-133): warning X3571: pow(f, e) will not work for negative f, use abs(f) or conditionally handle negative values if you expect them
C:\fakepath(343,62-116): warning X3571: pow(f, e) will not work for negative f, use abs(f) or conditionally handle negative values if you expect them
C:\fakepath(360,75-84): warning X3556: integer divides may be much slower, try using uints if possible.
C:\fakepath(363,50-59): warning X3556: integer modulus may be much slower, try using uints if possible.
C:\fakepath(383,33-90): warning X3571: pow(f, e) will not work for negative f, use abs(f) or conditionally handle negative values if you expect them
C:\fakepath(174,1-6): warning X4000: use of potentially uninitialized variable (dyn_index_vec4_float4)
C:\fakepath(289,25-29): error X4576: Input array signature parameter  cannot be indexed dynamically.

WARN: compileToBinary(259): 
C:\fakepath(360,75-84): warning X3556: integer divides may be much slower, try using uints if possible.
C:\fakepath(363,50-59): warning X3556: integer modulus may be much slower, try using uints if possible.
C:\fakepath(174,1-6): warning X4000: use of potentially uninitialized variable (dyn_index_vec4_float4)
C:\fakepath(225,1): warning X4000: use of potentially uninitialized variable (f_distance_aa)
C:\fakepath(262,1): warning X4000: use of potentially uninitialized variable (f_do_clip)

[Parent 260, Gecko_IOThread] WARNING: pipe error: 109: file z:/task_1567426356/build/src/ipc/chromium/src/chrome/common/ipc_channel_win.cc, line 341
[Child 10028, Chrome_ChildThread] WARNING: pipe error: 109: file z:/task_1567426356/build/src/ipc/chromium/src/chrome/common/ipc_channel_win.cc, line 341
[Child 10028, Chrome_ChildThread1570477205447	Marionette	INFO	Listening on port 63556
1570477205592	Marionette	WARN	TLS certificate errors will be ignored for this session
1570477215854	Marionette	INFO	Stopped listening on port 63556
[Child 8964, Chrome_ChildThread] WARNING: pipe error: 109: file z:/task_1567426356/build/src/ipc/chromium/src/chrome/common/ipc_channel_win.cc, line 341
[Child 2136, Chrome_ChildThread] WARNING: pipe error: 109: file z:/task_1567426356/build/src/ipc/chromium/src/chrome/common/ipc_channel_win.cc, line 341
[Child 2136, Chrome_ChildThread] WARNING: pipe error: 109: file z:/task_1567426356/build/src/ipc/ch[Parent 260, Gecko_IOThread] WARNING: pipe error: 109: file z:/task_1567426356/build/src/ipc/chromium/src/chrome/common/ipc_channel_win.cc, line 341
[Child 8128, Chrome_ChildThread] WARNING: pipe error: 109: file z:/task_1567426356/build/src/ipc/chromium/src/chrome/common/ipc_channel_win.cc, line 341
[Child 8128, Chro
###!!! [Child][RunMessage] Error: Channel closing: too late to send/recv, messages will be lost

[GP
###!!! [Child][MessageChannel::SendAndWait] Error: Channel error: cannot send/recv

1570477539557	mozrunner::runner	INFO	Running command: "C:\\Program Files\\Firefox Developer Edition\\firefox.exe" "-marionette" "-foreground" "-no-remote" "-profile" "C:\\Users\\D4F0~1\\AppData\\Local\\Temp\\rust_mozprofile.UNuid7C4a2xV"
1570477540401	addons.webextension.screenshots@mozilla.org	WARN	Loading extension 'screenshots@mozilla.org': Reading manifest: Invalid extension permission: mozillaAddons
1570477540401	addons.webextension.screenshots@mozilla.org	WARN	Loading extension 'screenshots@mozilla.org': Reading manifest: Invalid extension permission: telemetry
1570477540401	addons.webextension.screenshots@mozilla.org	WARN	Loading extension 'screenshots@mozilla.org': Reading manifest: Invalid extension permission: resource://pdf.js/
1570477540401	addons.webextension.screenshots@mozilla.org	WARN	Loading extension 'screenshots@mozilla.org': Reading manifest: Invalid extension permission: about:reader*
JavaScript error: resource://gre/modules/XULStore.jsm, line 66: Error: Can't find profile directory.
WARN: compileToBinary(259): 
C:\fakepath(337,18-133): warning X3571: pow(f, e) will not work for negative f, use abs(f) or conditionally handle negative values if you expect them
C:\fakepath(343,62-116): warning X3571: pow(f, e) will not work for negative f, use abs(f) or conditionally handle negative values if you expect them
C:\fakepath(360,75-84): warning X3556: integer divides may be much slower, try using uints if possible.
C:\fakepath(363,50-59): warning X3556: integer modulus may be much slower, try using uints if possible.
C:\fakepath(383,33-90): warning X3571: pow(f, e) will not work for negative f, use abs(f) or conditionally handle negative values if you expect them
C:\fakepath(174,1-6): warning X4000: use of potentially uninitialized variable (dyn_index_vec4_float4)
C:\fakepath(289,25-29): error X4576: Input array signature parameter  cannot be indexed dynamically.

WARN: compileToBinary(259): 
C:\fakepath(337,18-133): warning X3571: pow(f, e) will not work for negative f, use abs(f) or conditionally handle negative values if you expect them
C:\fakepath(343,62-116): warning X3571: pow(f, e) will not work for negative f, use abs(f) or conditionally handle negative values if you expect them
C:\fakepath(360,75-84): warning X3556: integer divides may be much slower, try using uints if possible.
C:\fakepath(363,50-59): warning X3556: integer modulus may be much slower, try using uints if possible.
C:\fakepath(383,33-90): warning X3571: pow(f, e) will not work for negative f, use abs(f) or conditionally handle negative values if you expect them
C:\fakepath(174,1-6): warning X4000: use of potentially uninitialized variable (dyn_index_vec4_float4)
C:\fakepath(289,25-29): error X4576: Input array signature parameter  cannot be indexed dynamically.

WARN: compileToBinary(259): 
C:\fakepath(360,75-84): warning X3556: integer divides may be much slower, try using uints if possible.
C:\fakepath(363,50-59): warning X3556: integer modulus may be much slower, try using uints if possible.
C:\fakepath(174,1-6): warning X4000: use of potentially uninitialized variable (dyn_index_vec4_float4)
C:\fakepath(225,1): warning X4000: use of potentially uninitialized variable (f_distance_aa)
C:\fakepath(262,1): warning X4000: use of potentially uninitialized variable (f_do_clip)

[Parent 2504, Gecko_IOThread] WARNING: pipe error: 109: file z:/task_1567426356/build/src/ipc/chromium/src/chrome/common/ipc_channel_win.cc, line 341
[Child 14096, Chrome_ChildThread] WARNING: pipe error: 109: file z:/task_1567426356/build/src/ipc/chromium/src/chrome/common/ipc_channel_win.cc, line 341
[Child 14096, Chro1570477544452	Marionette	INFO	Listening on port 63817
1570477544833	Marionette	WARN	TLS certificate errors will be ignored for this session
1570477547968	Marionette	WARN	TimedPromise timed out after 0 ms: stacktrace:
bail@chrome://marionette/content/sync.js:237:64
1570477554925	Marionette	WARN	TimedPromise timed out after 0 ms: stacktrace:
bail@chrome://marionette/content/sync.js:237:64
1570477555172	Marionette	WARN	TimedPromise timed out after 0 ms: stacktrace:
bail@chrome://marionette/content/sync.js:237:64
[Child 2808, Chrome_ChildThread] WARNING: pipe error: 109: file z:/task_1567426356/build/src/ipc/chromium/src/chrome/common/ipc_channel_win.cc, line 341
[Child 2808, Chrome_ChildThread] WARNING: pipe error: 109: file z:/task_1567426356/build/src/ipc/chromium/src/chrome/common/ipc_channel_win.cc, line 341
[Parent 2504, Gecko_IOThread] WARNING: pipe error: 109: file z:/task_1567426356/build/src/ipc/chromium/src/chrome/common/ipc_channel_win.cc, line 341
[Child 1320, Chrome_ChildThread] WARNING: pipe error: 109: file z:/task_1567426356/build/src/ipc/chromium/src/chrome/common/ipc_channel_win.cc, line 341
[Child 1320, console.error: (new Error("SessionFile is closed", "resource:///modules/sessionstore/SessionFile.jsm", 433))
1570477576235	Marionette	INFO	Stopped listening on port 63817
[GPU 8220, Chrome_C
###!!! [Child][RunMessage] Error: Channel closing: too late to send/recv, messages will be lost


###!!! [Child][MessageChannel::SendAndWait] Error: Channel error: cannot send/recv

1570477586329	mozrunner::runner	INFO	Running command: "C:\\Program Files\\Firefox Developer Edition\\firefox.exe" "-marionette" "-foreground" "-no-remote" "-profile" "C:\\Users\\D4F0~1\\AppData\\Local\\Temp\\rust_mozprofile.aGR14b74jEPA"
1570477587230	addons.webextension.screenshots@mozilla.org	WARN	Loading extension 'screenshots@mozilla.org': Reading manifest: Invalid extension permission: mozillaAddons
1570477587231	addons.webextension.screenshots@mozilla.org	WARN	Loading extension 'screenshots@mozilla.org': Reading manifest: Invalid extension permission: telemetry
1570477587231	addons.webextension.screenshots@mozilla.org	WARN	Loading extension 'screenshots@mozilla.org': Reading manifest: Invalid extension permission: resource://pdf.js/
1570477587231	addons.webextension.screenshots@mozilla.org	WARN	Loading extension 'screenshots@mozilla.org': Reading manifest: Invalid extension permission: about:reader*
JavaScript error: resource://gre/modules/XULStore.jsm, line 66: Error: Can't find profile directory.
WARN: compileToBinary(259): 
C:\fakepath(337,18-133): warning X3571: pow(f, e) will not work for negative f, use abs(f) or conditionally handle negative values if you expect them
C:\fakepath(343,62-116): warning X3571: pow(f, e) will not work for negative f, use abs(f) or conditionally handle negative values if you expect them
C:\fakepath(360,75-84): warning X3556: integer divides may be much slower, try using uints if possible.
C:\fakepath(363,50-59): warning X3556: integer modulus may be much slower, try using uints if possible.
C:\fakepath(383,33-90): warning X3571: pow(f, e) will not work for negative f, use abs(f) or conditionally handle negative values if you expect them
C:\fakepath(174,1-6): warning X4000: use of potentially uninitialized variable (dyn_index_vec4_float4)
C:\fakepath(289,25-29): error X4576: Input array signature parameter  cannot be indexed dynamically.

WARN: compileToBinary(259): 
C:\fakepath(337,18-133): warning X3571: pow(f, e) will not work for negative f, use abs(f) or conditionally handle negative values if you expect them
C:\fakepath(343,62-116): warning X3571: pow(f, e) will not work for negative f, use abs(f) or conditionally handle negative values if you expect them
C:\fakepath(360,75-84): warning X3556: integer divides may be much slower, try using uints if possible.
C:\fakepath(363,50-59): warning X3556: integer modulus may be much slower, try using uints if possible.
C:\fakepath(383,33-90): warning X3571: pow(f, e) will not work for negative f, use abs(f) or conditionally handle negative values if you expect them
C:\fakepath(174,1-6): warning X4000: use of potentially uninitialized variable (dyn_index_vec4_float4)
C:\fakepath(289,25-29): error X4576: Input array signature parameter  cannot be indexed dynamically.

WARN: compileToBinary(259): 
C:\fakepath(360,75-84): warning X3556: integer divides may be much slower, try using uints if possible.
C:\fakepath(363,50-59): warning X3556: integer modulus may be much slower, try using uints if possible.
C:\fakepath(174,1-6): warning X4000: use of potentially uninitialized variable (dyn_index_vec4_float4)
C:\fakepath(225,1): warning X4000: use of potentially uninitialized variable (f_distance_aa)
C:\fakepath(262,1): warning X4000: use of potentially uninitialized variable (f_do_clip)

[Child 5608, Chrome_ChildThread] WARNING: pipe error: 109: file z:/task_1567426356/build/src/ipc/chromium/src/chrome/common/ipc_channel_win.cc, line 341
[Child 5608, Chrome1570477592277	Marionette	INFO	Listening on port 63989
1570477592579	Marionette	WARN	TLS certificate errors will be ignored for this session
1570477597693	Marionette	WARN	TimedPromise timed out after 0 ms: stacktrace:
bail@chrome://marionette/content/sync.js:237:64
JavaScript error: https://gum.criteo.com/syncframe?topUrl=www.lamoda.ru#{%22bundle%22:{%22origin%22:0,%22value%22:null},%22cw%22:true,%22idfs%22:{%22origin%22:0,%22value%22:null},%22lwid%22:{%22origin%22:3,%22value%22:%2237de5e1a-aec9-403a-b9e6-e9688c118c02%22},%22optout%22:{%22origin%22:0,%22value%22:null},%22origin%22:%22onetag%22,%22pm%22:0,%22sid%22:{%22origin%22:0,%22value%22:null},%22tld%22:%22lamoda.ru%22,%22topUrl%22:%22www.lamoda.ru%22,%22uid%22:null,%22version%22:%225_3_1%22}, line 180: SecurityError: The operation is insecure.
1570477601402	Marionette	WARN	TimedPromise timed out after 0 ms: stacktrace:
bail@chrome://marionette/content/sync.js:237:64
1570477601655	Marionette	WARN	TimedPromise timed out after 0 ms: stacktrace:
bail@chrome://marionette/content/sync.js:237:64
1570477601976	Marionette	WARN	TimedPromise timed out after 0 ms: stacktrace:
bail@chrome://marionette/content/sync.js:237:64
1570477602015	Marionette	WARN	TimedPromise timed out after 0 ms: stacktrace:
bail@chrome://marionette/content/sync.js:237:64
JavaScript error: https://gum.criteo.com/syncframe?topUrl=www.lamoda.ru#{%22bundle%22:{%22origin%22:0,%22value%22:null},%22cw%22:true,%22idfs%22:{%22origin%22:0,%22value%22:null},%22lwid%22:{%22origin%22:3,%22value%22:%2237de5e1a-aec9-403a-b9e6-e9688c118c02%22},%22optout%22:{%22origin%22:0,%22value%22:null},%22origin%22:%22onetag%22,%22pm%22:0,%22sid%22:{%22origin%22:0,%22value%22:null},%22tld%22:%22lamoda.ru%22,%22topUrl%22:%22www.lamoda.ru%22,%22uid%22:null,%22version%22:%225_3_1%22}, line 180: SecurityError: The operation is insecure.
[Parent 11236, Gecko_IOThread] WARNING: pipe error: 109: file z:/task_1567426356/build/src/ipc/chromium/src/chrome/common/ipc_channel_win.cc, line 341
[Parent 11236, Gecko_IOThread] WARNING: pipe error: 109: file z:/task_1567426356/build/src/ipc/chromium/src/chrome/common/ipc_channel_win.cc, line 341
[Parent 11236, Gecko_IOThread] WARNING: pipe error: 109: file z:/task_1567426356/build/src/ipc/chromium/src/chrome/common/ipc_channel_win.cc, line 341
[Parent 11236, Gecko_IOThread] WARNING: pipe error: 109: file z:/task_1567426356/build/src/ipc/chromium/src/chrome/common/ipc_channel_win.cc, line 341
[Child 12520, Chrome_ChildThread] WARNING: pipe error: 109: file z:/task_1567426356/build/src/ipc/chromium/src/chrome/common/ipc_channel_win.cc, line 341
[Child 12520, Chrome_ChildThrea[Child 3156, Chrome_ChildThread] WARNING: pipe error: 109: file z:/task_1567426356/build/src/ipc/chromium/src/chrome/common/ipc_channel_win.cc, line 341
[Child 3156, Chrome_ChildThr[Parent 11236, Gecko_IOThread] WARNING: pipe error: 109: file z:/task_1567426356/build/src/ipc/chromium/src/chrome/common/ipc_channel_win.cc, line 341
1570478205652	Marionette	INFO	Stopped listening on port 63989
[GPU 3
###!!! [Child][RunMessage] Error: Channel closing: too late to send/recv, messages will be lost

436, Chrome_C
###!!! [Child][MessageChannel::SendAndWait] Error: Channel error: cannot send/recv

1570479612728	mozrunner::runner	INFO	Running command: "C:\\Program Files\\Firefox Developer Edition\\firefox.exe" "-marionette" "-foreground" "-no-remote" "-profile" "C:\\Users\\D4F0~1\\AppData\\Local\\Temp\\rust_mozprofile.sHig0mp6M243"
1570479613642	addons.webextension.screenshots@mozilla.org	WARN	Loading extension 'screenshots@mozilla.org': Reading manifest: Invalid extension permission: mozillaAddons
1570479613642	addons.webextension.screenshots@mozilla.org	WARN	Loading extension 'screenshots@mozilla.org': Reading manifest: Invalid extension permission: telemetry
1570479613642	addons.webextension.screenshots@mozilla.org	WARN	Loading extension 'screenshots@mozilla.org': Reading manifest: Invalid extension permission: resource://pdf.js/
1570479613642	addons.webextension.screenshots@mozilla.org	WARN	Loading extension 'screenshots@mozilla.org': Reading manifest: Invalid extension permission: about:reader*
JavaScript error: resource://gre/modules/XULStore.jsm, line 66: Error: Can't find profile directory.
WARN: compileToBinary(259): 
C:\fakepath(337,18-133): warning X3571: pow(f, e) will not work for negative f, use abs(f) or conditionally handle negative values if you expect them
C:\fakepath(343,62-116): warning X3571: pow(f, e) will not work for negative f, use abs(f) or conditionally handle negative values if you expect them
C:\fakepath(360,75-84): warning X3556: integer divides may be much slower, try using uints if possible.
C:\fakepath(363,50-59): warning X3556: integer modulus may be much slower, try using uints if possible.
C:\fakepath(383,33-90): warning X3571: pow(f, e) will not work for negative f, use abs(f) or conditionally handle negative values if you expect them
C:\fakepath(174,1-6): warning X4000: use of potentially uninitialized variable (dyn_index_vec4_float4)
C:\fakepath(289,25-29): error X4576: Input array signature parameter  cannot be indexed dynamically.

WARN: compileToBinary(259): 
C:\fakepath(337,18-133): warning X3571: pow(f, e) will not work for negative f, use abs(f) or conditionally handle negative values if you expect them
C:\fakepath(343,62-116): warning X3571: pow(f, e) will not work for negative f, use abs(f) or conditionally handle negative values if you expect them
C:\fakepath(360,75-84): warning X3556: integer divides may be much slower, try using uints if possible.
C:\fakepath(363,50-59): warning X3556: integer modulus may be much slower, try using uints if possible.
C:\fakepath(383,33-90): warning X3571: pow(f, e) will not work for negative f, use abs(f) or conditionally handle negative values if you expect them
C:\fakepath(174,1-6): warning X4000: use of potentially uninitialized variable (dyn_index_vec4_float4)
C:\fakepath(289,25-29): error X4576: Input array signature parameter  cannot be indexed dynamically.

WARN: compileToBinary(259): 
C:\fakepath(360,75-84): warning X3556: integer divides may be much slower, try using uints if possible.
C:\fakepath(363,50-59): warning X3556: integer modulus may be much slower, try using uints if possible.
C:\fakepath(174,1-6): warning X4000: use of potentially uninitialized variable (dyn_index_vec4_float4)
C:\fakepath(225,1): warning X4000: use of potentially uninitialized variable (f_distance_aa)
C:\fakepath(262,1): warning X4000: use of potentially uninitialized variable (f_do_clip)

[Child 13376, Chrome_ChildThread] WARNING: pipe error: 109: file z:/task_1567426356/build/src/ipc/chromium/src/chrome/common/ipc_channel_win.cc, line 341
[Child 13376, Chrome_ChildThread] WARNING: pipe error: 109: file z:/task_1567426356/build/src/ipc/chromium/src/chrome/common/ipc_channel_win.cc, line 341
1570479617972	Marionette	INFO	Listening on port 50499
1570479617989	Marionette	WARN	TLS certificate errors will be ignored for this session
JavaScript error: resource://activity-stream/lib/ActivityStreamPrefs.jsm, line 27: NS_ERROR_ILLEGAL_VALUE: Component returned failure code: 0x80070057 (NS_ERROR_ILLEGAL_VALUE) [nsIPrefBranch.removeObserver]
JavaScript error: resource://services-settings/RemoteSettingsClient.jsm, line 149: Error: Unknown callback
[Parent 5396, Gecko_IOThread] WARNING: pipe error: 109: file z:/task_1567426356/build/src/ipc/chromium/src/chrome/common/ipc_channel_win.cc, line 341
[Child 7120, Chrome_ChildThread] WARNING: pipe error: 109: file z:/task_1567426356/build/src/ipc/chromium/src/chrome/common/ipc_channel_win.cc, line 341
[Child 7120, ChrJavaScript error: resource://gre/modules/UrlClassifierListManager.jsm, line 680: TypeError: this.tablesData[table] is undefined
JavaScript error: resource://gre/actors/BrowserElementParent.jsm, line 314: TypeError: state is undefined
JavaScript error: , line 0: NS_ERROR_UNEXPECTED: 
JavaScript error: resource://gre/actors/BrowserElementParent.jsm, line 314: TypeError: state is undefined
JavaScript error: , line 0: NS_ERROR_UNEXPECTED: 
JavaScript error: https://a.lmcdn.ru/st/d/ru/19.10.03_dm5/js/page.js, line 1: NS_ERROR_NOT_INITIALIZED: 
JavaScript error: https://a.lmcdn.ru/st/d/ru/19.10.03_dm5/js/libs/libs.js, line 3: TypeError: b.ownerDocument.defaultView is null
[Child 2692, Chrome_ChildThr[Parent 5396, Gecko_IOThread] WARNING: pipe error: 109: file z:/task_1567426356/build/src/ipc/chromium/src/chrome/common/ipc_channel_win.cc, line 341
[Child 8188, Chrome_ChildThread] WARNING: pipe error: 109: file z:/task_1567426356/build/src/ipc/chromium/src/chrome/common/ipc_channel_win.cc, line 341
[Child 8188, Chrome_ChildThread] WARNING: pipe error: 109: file1570479624734	Marionette	INFO	Stopped listening on port 50499
[GPU 3176, Chrome_ChildThr
###!!! [Child][RunMessage] Error: Channel closing: too late to send/recv, messages will be lost


###!!! [Child][MessageChannel::SendAndWait] Error: Channel error: cannot send/recv

1570479630171	mozrunner::runner	INFO	Running command: "C:\\Program Files\\Firefox Developer Edition\\firefox.exe" "-marionette" "-foreground" "-no-remote" "-profile" "C:\\Users\\D4F0~1\\AppData\\Local\\Temp\\rust_mozprofile.6eCIBNfPJymZ"
1570479631010	addons.webextension.screenshots@mozilla.org	WARN	Loading extension 'screenshots@mozilla.org': Reading manifest: Invalid extension permission: mozillaAddons
1570479631010	addons.webextension.screenshots@mozilla.org	WARN	Loading extension 'screenshots@mozilla.org': Reading manifest: Invalid extension permission: telemetry
1570479631011	addons.webextension.screenshots@mozilla.org	WARN	Loading extension 'screenshots@mozilla.org': Reading manifest: Invalid extension permission: resource://pdf.js/
1570479631011	addons.webextension.screenshots@mozilla.org	WARN	Loading extension 'screenshots@mozilla.org': Reading manifest: Invalid extension permission: about:reader*
JavaScript error: resource://gre/modules/XULStore.jsm, line 66: Error: Can't find profile directory.
WARN: compileToBinary(259): 
C:\fakepath(337,18-133): warning X3571: pow(f, e) will not work for negative f, use abs(f) or conditionally handle negative values if you expect them
C:\fakepath(343,62-116): warning X3571: pow(f, e) will not work for negative f, use abs(f) or conditionally handle negative values if you expect them
C:\fakepath(360,75-84): warning X3556: integer divides may be much slower, try using uints if possible.
C:\fakepath(363,50-59): warning X3556: integer modulus may be much slower, try using uints if possible.
C:\fakepath(383,33-90): warning X3571: pow(f, e) will not work for negative f, use abs(f) or conditionally handle negative values if you expect them
C:\fakepath(174,1-6): warning X4000: use of potentially uninitialized variable (dyn_index_vec4_float4)
C:\fakepath(289,25-29): error X4576: Input array signature parameter  cannot be indexed dynamically.

WARN: compileToBinary(259): 
C:\fakepath(337,18-133): warning X3571: pow(f, e) will not work for negative f, use abs(f) or conditionally handle negative values if you expect them
C:\fakepath(343,62-116): warning X3571: pow(f, e) will not work for negative f, use abs(f) or conditionally handle negative values if you expect them
C:\fakepath(360,75-84): warning X3556: integer divides may be much slower, try using uints if possible.
C:\fakepath(363,50-59): warning X3556: integer modulus may be much slower, try using uints if possible.
C:\fakepath(383,33-90): warning X3571: pow(f, e) will not work for negative f, use abs(f) or conditionally handle negative values if you expect them
C:\fakepath(174,1-6): warning X4000: use of potentially uninitialized variable (dyn_index_vec4_float4)
C:\fakepath(289,25-29): error X4576: Input array signature parameter  cannot be indexed dynamically.

WARN: compileToBinary(259): 
C:\fakepath(360,75-84): warning X3556: integer divides may be much slower, try using uints if possible.
C:\fakepath(363,50-59): warning X3556: integer modulus may be much slower, try using uints if possible.
C:\fakepath(174,1-6): warning X4000: use of potentially uninitialized variable (dyn_index_vec4_float4)
C:\fakepath(225,1): warning X4000: use of potentially uninitialized variable (f_distance_aa)
C:\fakepath(262,1): warning X4000: use of potentially uninitialized variable (f_do_clip)

[Child 2380, Chrome_ChildThread] WARNING: pipe error: 109: file z:/task_1567426356/build/src/ipc/chromium/src/chrome/common/ipc_channel_win.cc, line 341
[Child 2380, Chrome_Chi1570479635491	Marionette	INFO	Listening on port 50562
1570479635910	Marionette	WARN	TLS certificate errors will be ignored for this session
[Parent 12444, Gecko_IOThread] WARNING: pipe error: 109: file z:/task_1567426356/build/src/ipc/chromium/src/chrome/common/ipc_channel_win.cc, line 341
JavaScript error: https://gum.criteo.com/syncframe?topUrl=www.asos.com#{%22bundle%22:{%22origin%22:0,%22value%22:null},%22cw%22:true,%22idfs%22:{%22origin%22:0,%22value%22:null},%22lwid%22:{%22origin%22:3,%22value%22:%220ee75dc0-4cef-40ea-abcf-94684be3e023%22},%22optout%22:{%22origin%22:0,%22value%22:null},%22origin%22:%22onetag%22,%22pm%22:0,%22sid%22:{%22origin%22:0,%22value%22:null},%22tld%22:%22asos.com%22,%22topUrl%22:%22www.asos.com%22,%22uid%22:null,%22version%22:%225_3_1%22}, line 12: SecurityError: The operation is insecure.
[Parent 12444, Gecko_IOThread] WARNING: pipe error: 109: file z:/task_1567426356/build/src/ipc/chromium/src/chrome/common/ipc_channel_win.cc, line 341
[Child 11616, Chrome_ChildThread] WARNING: pipe error: 109: file z:/task_1567426356/build/src/ipc/chromium/src/chrome/common/ipc_channel_win.cc, line 341
[Child 11616, Chrome_ChildThread] WARNING: pipe error: 109: file z:/task_1567426356/bu[Parent 12444, Gecko_IOThread] WARNING: pipe error: 109: file z:/task_1567426356/build/src/ipc/chromium/src/chrome/common/ipc_channel_win.cc, line 341
[Child 1916, Chrome_ChildThread] WARNING: pipe error: 109: file z:/task_1567426356/build/src/ipc/chromium/src/chrome/common/ipc_channel_win.cc, line 341
[Child 1916, Chrome_Chil[Parent 12444, Gecko_IOThread] WARNING: pipe error: 109: file z:/task_1567426356/build/src/ipc/chromium/src/chrome/common/ipc_channel_win.cc, line 341
[Child 6448, Chrome_ChildThread] WARNING: pipe error: 109: file z:/task_1567426356/build/src/ipc/chromium/src/chrome/common/ipc_channel_win.cc, line 341
[Child 6448, Chrome_ChildThread] WARNING: pipe error: 109: file z:/task_1567426356/build/src/ipc/chromium/src/chrome/common/ipc_channel_win.cc, line 341
1570479658049	Marionette	INFO	Stopped listening on port 50562

###!!! [Child][RunMessage] Error: Channel closing: too late to send/recv, messages will be lost

[GPU 2576, Ch
###!!! [Child][MessageChannel::SendAndWait] Error: Channel error: cannot send/recv

1570481695101	mozrunner::runner	INFO	Running command: "C:\\Program Files\\Firefox Developer Edition\\firefox.exe" "-marionette" "-foreground" "-no-remote" "-profile" "C:\\Users\\D4F0~1\\AppData\\Local\\Temp\\rust_mozprofile.KXhMFJnZeUMn"
1570481697162	addons.webextension.screenshots@mozilla.org	WARN	Loading extension 'screenshots@mozilla.org': Reading manifest: Invalid extension permission: mozillaAddons
1570481697162	addons.webextension.screenshots@mozilla.org	WARN	Loading extension 'screenshots@mozilla.org': Reading manifest: Invalid extension permission: telemetry
1570481697162	addons.webextension.screenshots@mozilla.org	WARN	Loading extension 'screenshots@mozilla.org': Reading manifest: Invalid extension permission: resource://pdf.js/
1570481697162	addons.webextension.screenshots@mozilla.org	WARN	Loading extension 'screenshots@mozilla.org': Reading manifest: Invalid extension permission: about:reader*
JavaScript error: resource://gre/modules/XULStore.jsm, line 66: Error: Can't find profile directory.
WARN: compileToBinary(259): 
C:\fakepath(337,18-133): warning X3571: pow(f, e) will not work for negative f, use abs(f) or conditionally handle negative values if you expect them
C:\fakepath(343,62-116): warning X3571: pow(f, e) will not work for negative f, use abs(f) or conditionally handle negative values if you expect them
C:\fakepath(360,75-84): warning X3556: integer divides may be much slower, try using uints if possible.
C:\fakepath(363,50-59): warning X3556: integer modulus may be much slower, try using uints if possible.
C:\fakepath(383,33-90): warning X3571: pow(f, e) will not work for negative f, use abs(f) or conditionally handle negative values if you expect them
C:\fakepath(174,1-6): warning X4000: use of potentially uninitialized variable (dyn_index_vec4_float4)
C:\fakepath(289,25-29): error X4576: Input array signature parameter  cannot be indexed dynamically.

WARN: compileToBinary(259): 
C:\fakepath(337,18-133): warning X3571: pow(f, e) will not work for negative f, use abs(f) or conditionally handle negative values if you expect them
C:\fakepath(343,62-116): warning X3571: pow(f, e) will not work for negative f, use abs(f) or conditionally handle negative values if you expect them
C:\fakepath(360,75-84): warning X3556: integer divides may be much slower, try using uints if possible.
C:\fakepath(363,50-59): warning X3556: integer modulus may be much slower, try using uints if possible.
C:\fakepath(383,33-90): warning X3571: pow(f, e) will not work for negative f, use abs(f) or conditionally handle negative values if you expect them
C:\fakepath(174,1-6): warning X4000: use of potentially uninitialized variable (dyn_index_vec4_float4)
C:\fakepath(289,25-29): error X4576: Input array signature parameter  cannot be indexed dynamically.

WARN: compileToBinary(259): 
C:\fakepath(360,75-84): warning X3556: integer divides may be much slower, try using uints if possible.
C:\fakepath(363,50-59): warning X3556: integer modulus may be much slower, try using uints if possible.
C:\fakepath(174,1-6): warning X4000: use of potentially uninitialized variable (dyn_index_vec4_float4)
C:\fakepath(225,1): warning X4000: use of potentially uninitialized variable (f_distance_aa)
C:\fakepath(262,1): warning X4000: use of potentially uninitialized variable (f_do_clip)

[Child 4116, Chrome_ChildThread] WARNING: pipe error: 109: file z:/task_1567426356/build/src/ipc/chromium/src/chrome/common/ipc_channel_win.cc, line 341
[Child 4116, Chrome_C1570481700885	Marionette	INFO	Listening on port 52702
1570481701344	Marionette	WARN	TLS certificate errors will be ignored for this session
JavaScript error: https://gum.criteo.com/syncframe?topUrl=www.asos.com#{%22bundle%22:{%22origin%22:0,%22value%22:null},%22cw%22:true,%22idfs%22:{%22origin%22:0,%22value%22:null},%22lwid%22:{%22origin%22:3,%22value%22:%2240fe9109-852b-43a5-a92b-cbb353dee8ef%22},%22optout%22:{%22origin%22:0,%22value%22:null},%22origin%22:%22onetag%22,%22pm%22:0,%22sid%22:{%22origin%22:0,%22value%22:null},%22tld%22:%22asos.com%22,%22topUrl%22:%22www.asos.com%22,%22uid%22:null,%22version%22:%225_3_1%22}, line 12: SecurityError: The operation is insecure.
[Parent 5440, Gecko_IOThread] WARNING: pipe error: 109: file z:/task_1567426356/build/src/ipc/chromium/src/chrome/common/ipc_channel_win.cc, line 341
[Child 12104, Chrome_ChildThread] WARNING: pipe error: 109: file z:/task_1567426356/build/src/ipc/chromium/src/chrome/common/ipc_channel_win.cc, line 341
[Child 12104, Chrome_ChildThread] WARNING: pipe error: 109: file z:/task_1567426356/build/src/ipc/chromium/src/chrome/common/ipc_channel_win.cc, line 341
[Child 10972, Chrome_ChildThread] WARNING: pipe error: 109: file z:/task_1567426356/build/src/ipc/chromium/src/chrome/common/ipc_channel_win.cc, line 341
[Child 10972, Chrome_ChildThread] WARNING: pipe error: 109: file z:/task_1567426351570481755068	mozrunner::runner	INFO	Running command: "C:\\Program Files\\Firefox Developer Edition\\firefox.exe" "-marionette" "-foreground" "-no-remote" "-profile" "C:\\Users\\D4F0~1\\AppData\\Local\\Temp\\rust_mozprofile.zl5j8qMfxgTJ"
1570481755975	addons.webextension.screenshots@mozilla.org	WARN	Loading extension 'screenshots@mozilla.org': Reading manifest: Invalid extension permission: mozillaAddons
1570481755976	addons.webextension.screenshots@mozilla.org	WARN	Loading extension 'screenshots@mozilla.org': Reading manifest: Invalid extension permission: telemetry
1570481755976	addons.webextension.screenshots@mozilla.org	WARN	Loading extension 'screenshots@mozilla.org': Reading manifest: Invalid extension permission: resource://pdf.js/
1570481755976	addons.webextension.screenshots@mozilla.org	WARN	Loading extension 'screenshots@mozilla.org': Reading manifest: Invalid extension permission: about:reader*
JavaScript error: resource://gre/modules/XULStore.jsm, line 66: Error: Can't find profile directory.
WARN: compileToBinary(259): 
C:\fakepath(337,18-133): warning X3571: pow(f, e) will not work for negative f, use abs(f) or conditionally handle negative values if you expect them
C:\fakepath(343,62-116): warning X3571: pow(f, e) will not work for negative f, use abs(f) or conditionally handle negative values if you expect them
C:\fakepath(360,75-84): warning X3556: integer divides may be much slower, try using uints if possible.
C:\fakepath(363,50-59): warning X3556: integer modulus may be much slower, try using uints if possible.
C:\fakepath(383,33-90): warning X3571: pow(f, e) will not work for negative f, use abs(f) or conditionally handle negative values if you expect them
C:\fakepath(174,1-6): warning X4000: use of potentially uninitialized variable (dyn_index_vec4_float4)
C:\fakepath(289,25-29): error X4576: Input array signature parameter  cannot be indexed dynamically.

WARN: compileToBinary(259): 
C:\fakepath(337,18-133): warning X3571: pow(f, e) will not work for negative f, use abs(f) or conditionally handle negative values if you expect them
C:\fakepath(343,62-116): warning X3571: pow(f, e) will not work for negative f, use abs(f) or conditionally handle negative values if you expect them
C:\fakepath(360,75-84): warning X3556: integer divides may be much slower, try using uints if possible.
C:\fakepath(363,50-59): warning X3556: integer modulus may be much slower, try using uints if possible.
C:\fakepath(383,33-90): warning X3571: pow(f, e) will not work for negative f, use abs(f) or conditionally handle negative values if you expect them
C:\fakepath(174,1-6): warning X4000: use of potentially uninitialized variable (dyn_index_vec4_float4)
C:\fakepath(289,25-29): error X4576: Input array signature parameter  cannot be indexed dynamically.

WARN: compileToBinary(259): 
C:\fakepath(360,75-84): warning X3556: integer divides may be much slower, try using uints if possible.
C:\fakepath(363,50-59): warning X3556: integer modulus may be much slower, try using uints if possible.
C:\fakepath(174,1-6): warning X4000: use of potentially uninitialized variable (dyn_index_vec4_float4)
C:\fakepath(225,1): warning X4000: use of potentially uninitialized variable (f_distance_aa)
C:\fakepath(262,1): warning X4000: use of potentially uninitialized variable (f_do_clip)

[Child 10676, Chrome_ChildThread] WARNING: pipe error: 109: file z:/task_1567426356/build/src/ipc/chromium/src/chrome/common/ipc_channel_win.cc, line 341
[Child 10676, Chrome_Ch1570481760511	Marionette	INFO	Listening on port 52921
1570481760804	Marionette	WARN	TLS certificate errors will be ignored for this session
JavaScript error: https://gum.criteo.com/syncframe?topUrl=www.asos.com#{%22bundle%22:{%22origin%22:0,%22value%22:null},%22cw%22:true,%22idfs%22:{%22origin%22:0,%22value%22:null},%22lwid%22:{%22origin%22:3,%22value%22:%221c9e057e-a620-4845-847d-fabe9b366f3a%22},%22optout%22:{%22origin%22:0,%22value%22:null},%22origin%22:%22onetag%22,%22pm%22:0,%22sid%22:{%22origin%22:0,%22value%22:null},%22tld%22:%22asos.com%22,%22topUrl%22:%22www.asos.com%22,%22uid%22:null,%22version%22:%225_3_1%22}, line 12: SecurityError: The operation is insecure.
[Child 13196, Chrome_ChildThread] WARNING: pipe error: 109: file z:/task_1567426356/build/src/ipc/chromium/src/chrome/common/ipc_channel_win.cc, line 341
[Child 13196, Chrome_ChildThread] WARNING: pipe error: 109: file z:/task_1567426356/build/src/ipc/chromium/src/chrome/common/ipc_channel_win.cc, line 341
[Parent 6936, Gecko_IOThread] WARNING: pipe error: 109: file z:/task_1567426356/build/src/ipc/chromium/src/chrome/common/ipc_channel_win.cc, line 341
[Child 4336, Chrome_ChildThread] WARNING: pipe error: 109: file z:/task_1567426356/build/src/ipc/chromium/src/chrome/common/ipc_channel_win.cc, line 341
[Child 4336, Chr1570481790424	Marionette	INFO	Stopped listening on port 52921

###!!! [Child][RunMessage] Error: Channel closing: too late to send/recv, messages will be lost

[GPU 3552, Chro
###!!! [Child][MessageChannel::SendAndWait] Error: Channel error: cannot send/recv

1570481805559	mozrunner::runner	INFO	Running command: "C:\\Program Files\\Firefox Developer Edition\\firefox.exe" "-marionette" "-foreground" "-no-remote" "-profile" "C:\\Users\\D4F0~1\\AppData\\Local\\Temp\\rust_mozprofile.uLt0Ba6Nkmlj"
1570481806550	addons.webextension.screenshots@mozilla.org	WARN	Loading extension 'screenshots@mozilla.org': Reading manifest: Invalid extension permission: mozillaAddons
1570481806550	addons.webextension.screenshots@mozilla.org	WARN	Loading extension 'screenshots@mozilla.org': Reading manifest: Invalid extension permission: telemetry
1570481806550	addons.webextension.screenshots@mozilla.org	WARN	Loading extension 'screenshots@mozilla.org': Reading manifest: Invalid extension permission: resource://pdf.js/
1570481806550	addons.webextension.screenshots@mozilla.org	WARN	Loading extension 'screenshots@mozilla.org': Reading manifest: Invalid extension permission: about:reader*
JavaScript error: resource://gre/modules/XULStore.jsm, line 66: Error: Can't find profile directory.
WARN: compileToBinary(259): 
C:\fakepath(337,18-133): warning X3571: pow(f, e) will not work for negative f, use abs(f) or conditionally handle negative values if you expect them
C:\fakepath(343,62-116): warning X3571: pow(f, e) will not work for negative f, use abs(f) or conditionally handle negative values if you expect them
C:\fakepath(360,75-84): warning X3556: integer divides may be much slower, try using uints if possible.
C:\fakepath(363,50-59): warning X3556: integer modulus may be much slower, try using uints if possible.
C:\fakepath(383,33-90): warning X3571: pow(f, e) will not work for negative f, use abs(f) or conditionally handle negative values if you expect them
C:\fakepath(174,1-6): warning X4000: use of potentially uninitialized variable (dyn_index_vec4_float4)
C:\fakepath(289,25-29): error X4576: Input array signature parameter  cannot be indexed dynamically.

WARN: compileToBinary(259): 
C:\fakepath(337,18-133): warning X3571: pow(f, e) will not work for negative f, use abs(f) or conditionally handle negative values if you expect them
C:\fakepath(343,62-116): warning X3571: pow(f, e) will not work for negative f, use abs(f) or conditionally handle negative values if you expect them
C:\fakepath(360,75-84): warning X3556: integer divides may be much slower, try using uints if possible.
C:\fakepath(363,50-59): warning X3556: integer modulus may be much slower, try using uints if possible.
C:\fakepath(383,33-90): warning X3571: pow(f, e) will not work for negative f, use abs(f) or conditionally handle negative values if you expect them
C:\fakepath(174,1-6): warning X4000: use of potentially uninitialized variable (dyn_index_vec4_float4)
C:\fakepath(289,25-29): error X4576: Input array signature parameter  cannot be indexed dynamically.

WARN: compileToBinary(259): 
C:\fakepath(360,75-84): warning X3556: integer divides may be much slower, try using uints if possible.
C:\fakepath(363,50-59): warning X3556: integer modulus may be much slower, try using uints if possible.
C:\fakepath(174,1-6): warning X4000: use of potentially uninitialized variable (dyn_index_vec4_float4)
C:\fakepath(225,1): warning X4000: use of potentially uninitialized variable (f_distance_aa)
C:\fakepath(262,1): warning X4000: use of potentially uninitialized variable (f_do_clip)

[Child 644, Chrome_ChildThread] WARNING: pipe error: 109: file z:/task_1567426356/build/src/ipc/chromium/src/chrome/common/ipc_channel_win.cc, line 341
[Child 644, Chrome_ChildT1570481810371	Marionette	INFO	Listening on port 53077
1570481810800	Marionette	WARN	TLS certificate errors will be ignored for this session
[Parent 10444, Gecko_IOThread] WARNING: pipe error: 109: file z:/task_1567426356/build/src/ipc/chromium/src/chrome/common/ipc_channel_win.cc, line 341
[Child 13296, Chrome_ChildThread] WARNING: pipe error: 109: file z:/task_1567426356/build/src/ipc/chromium/src/chrome/common/ipc_channel_win.cc, line 341
[Child 13296, Chrome_ChildThread] WARNING: pipe error: 109: file z:/tas[Child 3896, Chrome_ChildThread] WARNING: pipe error: 109: file z:/task_1567426356/build/src/ipc/chromium/src/chrome/common/ipc_channel_win.cc, line 341
JavaScript error: chrome://marionette/content/proxy.js, line 287: NS_ERROR_NOT_INITIALIZED
[Child 3896, Chrome_ChildThread] WARNING: pipe error: 109: file z:/task_151570481839594	mozrunner::runner	INFO	Running command: "C:\\Program Files\\Firefox Developer Edition\\firefox.exe" "-marionette" "-foreground" "-no-remote" "-profile" "C:\\Users\\D4F0~1\\AppData\\Local\\Temp\\rust_mozprofile.dDiTGqB8hFNX"
1570481840322	addons.webextension.screenshots@mozilla.org	WARN	Loading extension 'screenshots@mozilla.org': Reading manifest: Invalid extension permission: mozillaAddons
1570481840322	addons.webextension.screenshots@mozilla.org	WARN	Loading extension 'screenshots@mozilla.org': Reading manifest: Invalid extension permission: telemetry
1570481840322	addons.webextension.screenshots@mozilla.org	WARN	Loading extension 'screenshots@mozilla.org': Reading manifest: Invalid extension permission: resource://pdf.js/
1570481840322	addons.webextension.screenshots@mozilla.org	WARN	Loading extension 'screenshots@mozilla.org': Reading manifest: Invalid extension permission: about:reader*
JavaScript error: resource://gre/modules/XULStore.jsm, line 66: Error: Can't find profile directory.
WARN: compileToBinary(259): 
C:\fakepath(337,18-133): warning X3571: pow(f, e) will not work for negative f, use abs(f) or conditionally handle negative values if you expect them
C:\fakepath(343,62-116): warning X3571: pow(f, e) will not work for negative f, use abs(f) or conditionally handle negative values if you expect them
C:\fakepath(360,75-84): warning X3556: integer divides may be much slower, try using uints if possible.
C:\fakepath(363,50-59): warning X3556: integer modulus may be much slower, try using uints if possible.
C:\fakepath(383,33-90): warning X3571: pow(f, e) will not work for negative f, use abs(f) or conditionally handle negative values if you expect them
C:\fakepath(174,1-6): warning X4000: use of potentially uninitialized variable (dyn_index_vec4_float4)
C:\fakepath(289,25-29): error X4576: Input array signature parameter  cannot be indexed dynamically.

WARN: compileToBinary(259): 
C:\fakepath(337,18-133): warning X3571: pow(f, e) will not work for negative f, use abs(f) or conditionally handle negative values if you expect them
C:\fakepath(343,62-116): warning X3571: pow(f, e) will not work for negative f, use abs(f) or conditionally handle negative values if you expect them
C:\fakepath(360,75-84): warning X3556: integer divides may be much slower, try using uints if possible.
C:\fakepath(363,50-59): warning X3556: integer modulus may be much slower, try using uints if possible.
C:\fakepath(383,33-90): warning X3571: pow(f, e) will not work for negative f, use abs(f) or conditionally handle negative values if you expect them
C:\fakepath(174,1-6): warning X4000: use of potentially uninitialized variable (dyn_index_vec4_float4)
C:\fakepath(289,25-29): error X4576: Input array signature parameter  cannot be indexed dynamically.

WARN: compileToBinary(259): 
C:\fakepath(360,75-84): warning X3556: integer divides may be much slower, try using uints if possible.
C:\fakepath(363,50-59): warning X3556: integer modulus may be much slower, try using uints if possible.
C:\fakepath(174,1-6): warning X4000: use of potentially uninitialized variable (dyn_index_vec4_float4)
C:\fakepath(225,1): warning X4000: use of potentially uninitialized variable (f_distance_aa)
C:\fakepath(262,1): warning X4000: use of potentially uninitialized variable (f_do_clip)

[Child 3408, Chrome_ChildThread] WARNING: pipe error: 109: file z:/task_1567426356/build/src/ipc/chromium/src/chrome/common/ipc_channel_win.cc, line 341
[Child 3408, Chrome_ChildThread] WARNING: pipe error: 1570481844627	Marionette	INFO	Listening on port 53242
1570481844841	Marionette	WARN	TLS certificate errors will be ignored for this session
JavaScript error: https://gum.criteo.com/syncframe?topUrl=www.asos.com#{%22bundle%22:{%22origin%22:0,%22value%22:null},%22cw%22:true,%22idfs%22:{%22origin%22:0,%22value%22:null},%22lwid%22:{%22origin%22:3,%22value%22:%22a4a3e6e8-7884-48c4-9424-d645e8a2fd54%22},%22optout%22:{%22origin%22:0,%22value%22:null},%22origin%22:%22onetag%22,%22pm%22:0,%22sid%22:{%22origin%22:0,%22value%22:null},%22tld%22:%22asos.com%22,%22topUrl%22:%22www.asos.com%22,%22uid%22:null,%22version%22:%225_3_1%22}, line 180: SecurityError: The operation is insecure.
1570481872410	Marionette	WARN	TimedPromise timed out after 0 ms: stacktrace:
bail@chrome://marionette/content/sync.js:237:64
1570481872703	Marionette	WARN	TimedPromise timed out after 0 ms: stacktrace:
bail@chrome://marionette/content/sync.js:237:64
1570481872707	Marionette	WARN	TimedPromise timed out after 0 ms: stacktrace:
bail@chrome://marionette/content/sync.js:237:64
1570481873120	Marionette	WARN	TimedPromise timed out after 0 ms: stacktrace:
bail@chrome://marionette/content/sync.js:237:64
[Parent 84, Gecko_IOThread] WARNING: pipe error: 109: file z:/task_1567426356/build/src/ipc/chromium/src/chrome/common/ipc_channel_win.cc, line 341
[Child 11476, Chrome_ChildThread] WARNING: pipe error: 109: file z:/task_1567426356/build/src/ipc/chromium/src/chrome/common/ipc_channel_win.cc, line 341
[Child 11476,[Parent 84, Gecko_IOThread] WARNING: pipe error: 109: file z:/task_1567426356/build/src/ipc/chromium/src/chrome/common/ipc_channel_win.cc, line 341
[Child 11968, Chrome_ChildThread] WARNING: pipe error: 109: file z:/task_1567426356/build/src/ipc/chromium/src/chrome/common/ipc_channel_win.cc, line 341
[Parent 84, Gecko_IOThread] WARNING: pipe error: 109: file z:/task_1567426356/build/src/ipc/chromium/src/chrome/common/ipc_channel_win.cc, line 341
[Child 13160, Chrome_ChildThread] WARNING: pipe error: 109: file z:/task_1567426356/build/src/ipc/chromium/src/chrome/common/ipc_channel_win.cc, line 341
[Child 13160, Chrome_ChildThread] WARNING: pi1570482645285	Marionette	INFO	Stopped listening on port 53242

###!!! [Child][RunMessage] Error: Channel closing: too late to send/recv, messages will be lost

[GPU 
###!!! [Child][MessageChannel::SendAndWait] Error: Channel error: cannot send/recv

1570482666712	mozrunner::runner	INFO	Running command: "C:\\Program Files\\Firefox Developer Edition\\firefox.exe" "-marionette" "-foreground" "-no-remote" "-profile" "C:\\Users\\D4F0~1\\AppData\\Local\\Temp\\rust_mozprofile.cFeIpP0JQloR"
1570482668041	addons.webextension.screenshots@mozilla.org	WARN	Loading extension 'screenshots@mozilla.org': Reading manifest: Invalid extension permission: mozillaAddons
1570482668041	addons.webextension.screenshots@mozilla.org	WARN	Loading extension 'screenshots@mozilla.org': Reading manifest: Invalid extension permission: telemetry
1570482668041	addons.webextension.screenshots@mozilla.org	WARN	Loading extension 'screenshots@mozilla.org': Reading manifest: Invalid extension permission: resource://pdf.js/
1570482668041	addons.webextension.screenshots@mozilla.org	WARN	Loading extension 'screenshots@mozilla.org': Reading manifest: Invalid extension permission: about:reader*
JavaScript error: resource://gre/modules/XULStore.jsm, line 66: Error: Can't find profile directory.
WARN: compileToBinary(259): 
C:\fakepath(337,18-133): warning X3571: pow(f, e) will not work for negative f, use abs(f) or conditionally handle negative values if you expect them
C:\fakepath(343,62-116): warning X3571: pow(f, e) will not work for negative f, use abs(f) or conditionally handle negative values if you expect them
C:\fakepath(360,75-84): warning X3556: integer divides may be much slower, try using uints if possible.
C:\fakepath(363,50-59): warning X3556: integer modulus may be much slower, try using uints if possible.
C:\fakepath(383,33-90): warning X3571: pow(f, e) will not work for negative f, use abs(f) or conditionally handle negative values if you expect them
C:\fakepath(174,1-6): warning X4000: use of potentially uninitialized variable (dyn_index_vec4_float4)
C:\fakepath(289,25-29): error X4576: Input array signature parameter  cannot be indexed dynamically.

WARN: compileToBinary(259): 
C:\fakepath(337,18-133): warning X3571: pow(f, e) will not work for negative f, use abs(f) or conditionally handle negative values if you expect them
C:\fakepath(343,62-116): warning X3571: pow(f, e) will not work for negative f, use abs(f) or conditionally handle negative values if you expect them
C:\fakepath(360,75-84): warning X3556: integer divides may be much slower, try using uints if possible.
C:\fakepath(363,50-59): warning X3556: integer modulus may be much slower, try using uints if possible.
C:\fakepath(383,33-90): warning X3571: pow(f, e) will not work for negative f, use abs(f) or conditionally handle negative values if you expect them
C:\fakepath(174,1-6): warning X4000: use of potentially uninitialized variable (dyn_index_vec4_float4)
C:\fakepath(289,25-29): error X4576: Input array signature parameter  cannot be indexed dynamically.

WARN: compileToBinary(259): 
C:\fakepath(360,75-84): warning X3556: integer divides may be much slower, try using uints if possible.
C:\fakepath(363,50-59): warning X3556: integer modulus may be much slower, try using uints if possible.
C:\fakepath(174,1-6): warning X4000: use of potentially uninitialized variable (dyn_index_vec4_float4)
C:\fakepath(225,1): warning X4000: use of potentially uninitialized variable (f_distance_aa)
C:\fakepath(262,1): warning X4000: use of potentially uninitialized variable (f_do_clip)

[Child 9240, Chrome_ChildThread] WARNING: pipe error: 109: file z:/task_1567426356/build/src/ipc/chromium/src/chrome/common/ipc_channel_win.cc, line 341
[Child 9240, Chrome_Ch1570482672067	Marionette	INFO	Listening on port 54166
1570482672460	Marionette	WARN	TLS certificate errors will be ignored for this session
1570482674510	Marionette	WARN	TimedPromise timed out after 0 ms: stacktrace:
bail@chrome://marionette/content/sync.js:237:64
1570482678974	Marionette	WARN	TimedPromise timed out after 0 ms: stacktrace:
bail@chrome://marionette/content/sync.js:237:64
1570482679241	Marionette	WARN	TimedPromise timed out after 0 ms: stacktrace:
bail@chrome://marionette/content/sync.js:237:64
1570482679511	Marionette	WARN	TimedPromise timed out after 0 ms: stacktrace:
bail@chrome://marionette/content/sync.js:237:64
1570482679542	Marionette	WARN	TimedPromise timed out after 0 ms: stacktrace:
bail@chrome://marionette/content/sync.js:237:64
JavaScript error: https://gum.criteo.com/syncframe?topUrl=www.lamoda.ru#{%22bundle%22:{%22origin%22:0,%22value%22:null},%22cw%22:true,%22idfs%22:{%22origin%22:0,%22value%22:null},%22lwid%22:{%22origin%22:3,%22value%22:%2270d1f5be-ad37-400f-be8f-9876193523e7%22},%22optout%22:{%22origin%22:0,%22value%22:null},%22origin%22:%22onetag%22,%22pm%22:0,%22sid%22:{%22origin%22:0,%22value%22:null},%22tld%22:%22lamoda.ru%22,%22topUrl%22:%22www.lamoda.ru%22,%22uid%22:%22af784c39-9118-4bea-bb6f-5a6295fe3347%22,%22version%22:%225_3_1%22}, line 12: SecurityError: The operation is insecure.
[Parent 13196, Gecko_IOThread] WARNING: pipe error: 109: file z:/task_1567426356/build/src/ipc/chromium/src/chrome/common/ipc_channel_win.cc, line 341
[Child 6960, Chrome_ChildThread] WARNING: pipe error: 109: file z:/task_1567426356/build/src/ipc/chromium/src/chrome/common/ipc_channel_win.cc, line 341
[Child 6960, Chro[Child 11276, Chrome_ChildThread] WARNING: pipe error: 109: file z:/task_1567426356/build/src/ipc/chromium/src/chrome/common/ipc_channel_win.cc, line 341
[Parent 13196, Gecko_IOThread] WARNING: pipe error: 109: file z:/task_1567426356/build/src/ipc/chromium/src/chrome/common/ipc_channel_win.cc, line 341
1570482697612	Marionette	INFO	Stopped listening on port 54166

###!!! [Child][RunMessage] Error: Channel closing: too late to send/recv, messages will be lost

[GPU 932, Chrome_
###!!! [Child][MessageChannel::SendAndWait] Error: Channel error: cannot send/recv

1570482770657	mozrunner::runner	INFO	Running command: "C:\\Program Files\\Firefox Developer Edition\\firefox.exe" "-marionette" "-foreground" "-no-remote" "-profile" "C:\\Users\\D4F0~1\\AppData\\Local\\Temp\\rust_mozprofile.cgRKGnjm2Qw5"
1570482771436	addons.webextension.screenshots@mozilla.org	WARN	Loading extension 'screenshots@mozilla.org': Reading manifest: Invalid extension permission: mozillaAddons
1570482771436	addons.webextension.screenshots@mozilla.org	WARN	Loading extension 'screenshots@mozilla.org': Reading manifest: Invalid extension permission: telemetry
1570482771436	addons.webextension.screenshots@mozilla.org	WARN	Loading extension 'screenshots@mozilla.org': Reading manifest: Invalid extension permission: resource://pdf.js/
1570482771436	addons.webextension.screenshots@mozilla.org	WARN	Loading extension 'screenshots@mozilla.org': Reading manifest: Invalid extension permission: about:reader*
JavaScript error: resource://gre/modules/XULStore.jsm, line 66: Error: Can't find profile directory.
WARN: compileToBinary(259): 
C:\fakepath(337,18-133): warning X3571: pow(f, e) will not work for negative f, use abs(f) or conditionally handle negative values if you expect them
C:\fakepath(343,62-116): warning X3571: pow(f, e) will not work for negative f, use abs(f) or conditionally handle negative values if you expect them
C:\fakepath(360,75-84): warning X3556: integer divides may be much slower, try using uints if possible.
C:\fakepath(363,50-59): warning X3556: integer modulus may be much slower, try using uints if possible.
C:\fakepath(383,33-90): warning X3571: pow(f, e) will not work for negative f, use abs(f) or conditionally handle negative values if you expect them
C:\fakepath(174,1-6): warning X4000: use of potentially uninitialized variable (dyn_index_vec4_float4)
C:\fakepath(289,25-29): error X4576: Input array signature parameter  cannot be indexed dynamically.

WARN: compileToBinary(259): 
C:\fakepath(337,18-133): warning X3571: pow(f, e) will not work for negative f, use abs(f) or conditionally handle negative values if you expect them
C:\fakepath(343,62-116): warning X3571: pow(f, e) will not work for negative f, use abs(f) or conditionally handle negative values if you expect them
C:\fakepath(360,75-84): warning X3556: integer divides may be much slower, try using uints if possible.
C:\fakepath(363,50-59): warning X3556: integer modulus may be much slower, try using uints if possible.
C:\fakepath(383,33-90): warning X3571: pow(f, e) will not work for negative f, use abs(f) or conditionally handle negative values if you expect them
C:\fakepath(174,1-6): warning X4000: use of potentially uninitialized variable (dyn_index_vec4_float4)
C:\fakepath(289,25-29): error X4576: Input array signature parameter  cannot be indexed dynamically.

WARN: compileToBinary(259): 
C:\fakepath(360,75-84): warning X3556: integer divides may be much slower, try using uints if possible.
C:\fakepath(363,50-59): warning X3556: integer modulus may be much slower, try using uints if possible.
C:\fakepath(174,1-6): warning X4000: use of potentially uninitialized variable (dyn_index_vec4_float4)
C:\fakepath(225,1): warning X4000: use of potentially uninitialized variable (f_distance_aa)
C:\fakepath(262,1): warning X4000: use of potentially uninitialized variable (f_do_clip)

[Parent 8452, Gecko_IOThread] WARNING: pipe error: 109: file z:/task_1567426356/build/src/ipc/chromium/src/chrome/common/ipc_channel_win.cc, line 341
[Child 7988, Chrome_ChildThread] WARNING: pipe error: 109: file z:/task_1567426356/build/src/ipc/chromium/src/chrome/common/ipc_channel_win.cc, line 341
[Child 7988, Chrome_Chi1570482775520	Marionette	INFO	Listening on port 54442
1570482775896	Marionette	WARN	TLS certificate errors will be ignored for this session
1570482778579	Marionette	WARN	TimedPromise timed out after 0 ms: stacktrace:
bail@chrome://marionette/content/sync.js:237:64
[Parent 8452, Gecko_IOThread] WARNING: pipe error: 109: file z:/task_1567426356/build/src/ipc/chromium/src/chrome/common/ipc_channel_win.cc, line 341
1570482781996	Marionette	WARN	TimedPromise timed out after 0 ms: stacktrace:
bail@chrome://marionette/content/sync.js:237:64
1570482782247	Marionette	WARN	TimedPromise timed out after 0 ms: stacktrace:
bail@chrome://marionette/content/sync.js:237:64
1570482782530	Marionette	WARN	TimedPromise timed out after 0 ms: stacktrace:
bail@chrome://marionette/content/sync.js:237:64
1570482782561	Marionette	WARN	TimedPromise timed out after 0 ms: stacktrace:
bail@chrome://marionette/content/sync.js:237:64
1570482782564	Marionette	INFO	Stopped listening on port 54442
[Child 5412, Chrome_ChildThread] WARNING: pipe error: 109: file z:/task_1567426356/build/src/ipc/chromium/src/chrome/common/ipc_channel_win.cc, line 341
[Child 5412, Ch[Parent 8452, Gecko_IOThread] WARNING: pipe error: 109: file z:/task_1567426356/build/src/ipc/chromium/src/chrome/common/ipc_channel_win.cc, line 341
[Child 14252, Chrome_ChildThread] WARNING: pipe error: 109: file z:/task_1567426356/build/src/ipc/chromium/src/chrome/common/ipc_channel_win.cc, line 341
[Child 14252, Chrome_ChildThread] WARNING: pipe errconsole.error: (new Error("SessionFile is closed", "resource:///modules/sessionstore/SessionFile.jsm", 433))
[Parent 8452, Gecko_IOThread] WARNING: pipe error: 109: file z:/task_1567426356/build/src/ipc/chromium/src/chrome/common/ipc_channel_win.cc, line 341
[GPU 4724, Chrome_Ch
###!!! [Child][RunMessage] Error: Channel closing: too late to send/recv, messages will be lost


###!!! [Child][MessageChannel::SendAndWait] Error: Channel error: cannot send/recv

1570482840308	mozrunner::runner	INFO	Running command: "C:\\Program Files\\Firefox Developer Edition\\firefox.exe" "-marionette" "-foreground" "-no-remote" "-profile" "C:\\Users\\D4F0~1\\AppData\\Local\\Temp\\rust_mozprofile.dtaJyp1l96H0"
1570482841059	addons.webextension.screenshots@mozilla.org	WARN	Loading extension 'screenshots@mozilla.org': Reading manifest: Invalid extension permission: mozillaAddons
1570482841059	addons.webextension.screenshots@mozilla.org	WARN	Loading extension 'screenshots@mozilla.org': Reading manifest: Invalid extension permission: telemetry
1570482841059	addons.webextension.screenshots@mozilla.org	WARN	Loading extension 'screenshots@mozilla.org': Reading manifest: Invalid extension permission: resource://pdf.js/
1570482841059	addons.webextension.screenshots@mozilla.org	WARN	Loading extension 'screenshots@mozilla.org': Reading manifest: Invalid extension permission: about:reader*
JavaScript error: resource://gre/modules/XULStore.jsm, line 66: Error: Can't find profile directory.
WARN: compileToBinary(259): 
C:\fakepath(337,18-133): warning X3571: pow(f, e) will not work for negative f, use abs(f) or conditionally handle negative values if you expect them
C:\fakepath(343,62-116): warning X3571: pow(f, e) will not work for negative f, use abs(f) or conditionally handle negative values if you expect them
C:\fakepath(360,75-84): warning X3556: integer divides may be much slower, try using uints if possible.
C:\fakepath(363,50-59): warning X3556: integer modulus may be much slower, try using uints if possible.
C:\fakepath(383,33-90): warning X3571: pow(f, e) will not work for negative f, use abs(f) or conditionally handle negative values if you expect them
C:\fakepath(174,1-6): warning X4000: use of potentially uninitialized variable (dyn_index_vec4_float4)
C:\fakepath(289,25-29): error X4576: Input array signature parameter  cannot be indexed dynamically.

WARN: compileToBinary(259): 
C:\fakepath(337,18-133): warning X3571: pow(f, e) will not work for negative f, use abs(f) or conditionally handle negative values if you expect them
C:\fakepath(343,62-116): warning X3571: pow(f, e) will not work for negative f, use abs(f) or conditionally handle negative values if you expect them
C:\fakepath(360,75-84): warning X3556: integer divides may be much slower, try using uints if possible.
C:\fakepath(363,50-59): warning X3556: integer modulus may be much slower, try using uints if possible.
C:\fakepath(383,33-90): warning X3571: pow(f, e) will not work for negative f, use abs(f) or conditionally handle negative values if you expect them
C:\fakepath(174,1-6): warning X4000: use of potentially uninitialized variable (dyn_index_vec4_float4)
C:\fakepath(289,25-29): error X4576: Input array signature parameter  cannot be indexed dynamically.

WARN: compileToBinary(259): 
C:\fakepath(360,75-84): warning X3556: integer divides may be much slower, try using uints if possible.
C:\fakepath(363,50-59): warning X3556: integer modulus may be much slower, try using uints if possible.
C:\fakepath(174,1-6): warning X4000: use of potentially uninitialized variable (dyn_index_vec4_float4)
C:\fakepath(225,1): warning X4000: use of potentially uninitialized variable (f_distance_aa)
C:\fakepath(262,1): warning X4000: use of potentially uninitialized variable (f_do_clip)

[Parent 10972, Gecko_IOThread] WARNING: pipe error: 109: file z:/task_1567426356/build/src/ipc/chromium/src/chrome/common/ipc_channel_win.cc, line 341
[Child 13376, Chrome_ChildThread] WARNING: pipe error: 109: file z:/task_1567426356/build/src/ipc/chromium/src/chrome/common/ipc_channel_win.cc, line 341
[Child 13376, Chrome_ChildThread] WARNING: pipe error: 109: file z:/task_1567426356/build/src/ipc/chromium/src/chrome/common/ipc_channel_win.cc, line 341
1570482844748	Marionette	INFO	Listening on port 54674
1570482845042	Marionette	WARN	TLS certificate errors will be ignored for this session
JavaScript error: https://gum.criteo.com/syncframe?topUrl=www.asos.com#{%22bundle%22:{%22origin%22:0,%22value%22:null},%22cw%22:true,%22idfs%22:{%22origin%22:0,%22value%22:null},%22lwid%22:{%22origin%22:3,%22value%22:%227f346921-5bc9-44dc-ab8d-4de84f36d009%22},%22optout%22:{%22origin%22:0,%22value%22:null},%22origin%22:%22onetag%22,%22pm%22:0,%22sid%22:{%22origin%22:0,%22value%22:null},%22tld%22:%22asos.com%22,%22topUrl%22:%22www.asos.com%22,%22uid%22:null,%22version%22:%225_3_1%22}, line 12: SecurityError: The operation is insecure.
1570482872598	Marionette	WARN	TimedPromise timed out after 0 ms: stacktrace:
bail@chrome://marionette/content/sync.js:237:64
1570482872861	Marionette	WARN	TimedPromise timed out after 0 ms: stacktrace:
bail@chrome://marionette/content/sync.js:237:64
1570482872864	Marionette	WARN	TimedPromise timed out after 0 ms: stacktrace:
bail@chrome://marionette/content/sync.js:237:64
1570482873248	Marionette	WARN	TimedPromise timed out after 0 ms: stacktrace:
bail@chrome://marionette/content/sync.js:237:64
1570482878256	Marionette	INFO	Stopped listening on port 54674
[Parent 10972, Gecko_IOThread] WARNING: pipe error: 109: file z:/task_1567426356/build/src/ipc/chromium/src/chrome/common/ipc_channel_win.cc, line 341
[Child 12688, Chrome_ChildThread] WARNING: pipe error: 109: file z:/task_1567426356/build/src/ipc/chromium/src/chrome/common/ipc_channel_win.cc, line 341
[Child 12688, Chrome_ChildThread] WARNING: pipe error: 109: file z:/task_1567426356/build/src/ipc/chromium/src/chrome/common/ipc_channel_win.cc, line 341
[Child 5152, Chrome_ChildThread][Parent 10972, Gecko_IOThread] WARNING: pipe error: 109: file z:/task_1567426356/build/src/ipc/chromium/src/chrome/common/ipc_channel_win.cc, line 341
[Child 4724, Chrome_ChildThread] WARNING: pipe error: 109: file z:/task_1567426356/build/src/ipc/chromium/src/chrome/common/ipc_channel_win.cc, line 341
[Child 4724, Chro
###!!! [Child][RunMessage] Error: Channel closing: too late to send/recv, messages will be lost

[GPU 3364, Chrome
###!!! [Child][MessageChannel::SendAndWait] Error: Channel error: cannot send/recv

